00:56:42 INFO  Runner main - Program has started
00:56:42 DEBUG Controller execute - started
00:56:42 DEBUG Reader readCommand - started
00:56:54 DEBUG Reader readCommand - return value is phaser
00:57:35 INFO  Runner main - Program has started
00:57:35 DEBUG Controller execute - started
00:57:35 DEBUG Reader readCommand - started
00:57:40 DEBUG Reader readCommand - return value is phaser
01:01:35 INFO  Runner main - Program has started
01:01:35 DEBUG Controller execute - started
01:01:35 DEBUG Reader readCommand - started
01:01:38 DEBUG Reader readCommand - return value is phaser
01:02:26 INFO  Runner main - Program has started
01:02:26 DEBUG Controller execute - started
01:02:26 DEBUG Reader readCommand - started
01:02:28 DEBUG Reader readCommand - return value is phaser
01:04:39 INFO  Runner main - Program has started
01:04:39 DEBUG Controller execute - started
01:04:39 DEBUG Reader readCommand - started
01:04:44 DEBUG Reader readCommand - return value is phaser
01:10:34 INFO  Runner main - Program has started
01:10:34 DEBUG Controller execute - started
01:10:34 DEBUG Reader readCommand - started
01:10:38 DEBUG Reader readCommand - return value is phaser
01:11:29 INFO  Runner main - Program has started
01:11:29 DEBUG Controller execute - started
01:11:29 DEBUG Reader readCommand - started
01:11:30 DEBUG Reader readCommand - return value is phaser
01:12:21 INFO  Runner main - Program has started
01:12:21 DEBUG Controller execute - started
01:12:21 DEBUG Reader readCommand - started
01:12:22 DEBUG Reader readCommand - return value is phaser
01:12:27 INFO  Runner main - Program has finished
01:12:52 INFO  Runner main - Program has started
01:12:52 DEBUG Controller execute - started
01:12:52 DEBUG Reader readCommand - started
01:12:55 DEBUG Reader readCommand - return value is phaser
01:12:57 DEBUG Controller execute - started
01:12:57 DEBUG Reader readCommand - started
01:13:02 DEBUG Reader readCommand - return value is semaphore
01:14:07 INFO  Runner main - Program has started
01:14:07 DEBUG Controller execute - started
01:14:07 DEBUG Reader readCommand - started
01:14:14 DEBUG Reader readCommand - return value is CYCLIC_BARRIER
01:14:15 DEBUG Controller execute - started
01:14:15 DEBUG Reader readCommand - started
01:14:22 DEBUG Reader readCommand - return value is COUNT_DOWN_LATCH
01:14:41 DEBUG Controller execute - started
01:14:41 DEBUG Reader readCommand - started
01:14:42 DEBUG Reader readCommand - return value is COUNT_DOWN_LATCH
01:14:42 DEBUG Controller execute - started
01:14:42 DEBUG Reader readCommand - started
01:14:44 DEBUG Reader readCommand - return value is 
01:14:45 DEBUG Controller execute - started
01:14:45 DEBUG Reader readCommand - started
01:14:47 DEBUG Reader readCommand - return value is COUNT_DOWN_LATCH
01:14:49 DEBUG Controller execute - started
01:14:49 DEBUG Reader readCommand - started
01:14:52 DEBUG Reader readCommand - return value is COUNT_DOWN_LATCH
01:19:51 INFO  Runner main - Program has started
01:19:51 DEBUG Controller execute - started
01:19:51 DEBUG Reader readCommand - started
01:19:54 DEBUG Reader readCommand - return value is phaser
01:21:02 INFO  Runner main - Program has started
01:21:02 DEBUG Controller execute - started
01:21:02 DEBUG Reader readCommand - started
01:21:04 DEBUG Reader readCommand - return value is phaser
01:21:05 DEBUG Printer printMatrix - started
01:21:05 DEBUG Printer printMatrix - parameter is Matrix : 17x17
11 1 2 3 4 5 6 7 8 9 10 11 12 13 14 15 16 
-1 85 1 2 3 4 5 6 7 8 9 10 11 12 13 14 15 
-2 -1 75 1 2 3 4 5 6 7 8 9 10 11 12 13 14 
-3 -2 -1 65 1 2 3 4 5 6 7 8 9 10 11 12 13 
-4 -3 -2 -1 55 1 2 3 4 5 6 7 8 9 10 11 12 
-5 -4 -3 -2 -1 44 1 2 3 4 5 6 7 8 9 10 11 
-6 -5 -4 -3 -2 -1 33 1 2 3 4 5 6 7 8 9 10 
-7 -6 -5 -4 -3 -2 -1 22 1 2 3 4 5 6 7 8 9 
-8 -7 -6 -5 -4 -3 -2 -1 95 1 2 3 4 5 6 7 8 
-9 -8 -7 -6 -5 -4 -3 -2 -1 105 1 2 3 4 5 6 7 
-10 -9 -8 -7 -6 -5 -4 -3 -2 -1 115 1 2 3 4 5 6 
-11 -10 -9 -8 -7 -6 -5 -4 -3 -2 -1 125 1 2 3 4 5 
-12 -11 -10 -9 -8 -7 -6 -5 -4 -3 -2 -1 135 1 2 3 4 
-13 -12 -11 -10 -9 -8 -7 -6 -5 -4 -3 -2 -1 145 1 2 3 
-14 -13 -12 -11 -10 -9 -8 -7 -6 -5 -4 -3 -2 -1 155 1 2 
-15 -14 -13 -12 -11 -10 -9 -8 -7 -6 -5 -4 -3 -2 -1 165 1 
-16 -15 -14 -13 -12 -11 -10 -9 -8 -7 -6 -5 -4 -3 -2 -1 175 

01:21:06 DEBUG Controller execute - started
01:21:06 DEBUG Reader readCommand - started
01:21:11 DEBUG Reader readCommand - return value is CYCLIC_BARRIER
01:21:11 DEBUG Printer printMatrix - started
01:21:11 DEBUG Printer printMatrix - parameter is Matrix : 17x17
0 1 2 3 4 5 6 7 8 9 10 11 12 13 14 15 16 
-1 0 1 2 3 4 5 6 7 8 9 10 11 12 13 14 15 
-2 -1 0 1 2 3 4 5 6 7 8 9 10 11 12 13 14 
-3 -2 -1 0 1 2 3 4 5 6 7 8 9 10 11 12 13 
-4 -3 -2 -1 0 1 2 3 4 5 6 7 8 9 10 11 12 
-5 -4 -3 -2 -1 0 1 2 3 4 5 6 7 8 9 10 11 
-6 -5 -4 -3 -2 -1 0 1 2 3 4 5 6 7 8 9 10 
-7 -6 -5 -4 -3 -2 -1 0 1 2 3 4 5 6 7 8 9 
-8 -7 -6 -5 -4 -3 -2 -1 0 1 2 3 4 5 6 7 8 
-9 -8 -7 -6 -5 -4 -3 -2 -1 0 1 2 3 4 5 6 7 
-10 -9 -8 -7 -6 -5 -4 -3 -2 -1 0 1 2 3 4 5 6 
-11 -10 -9 -8 -7 -6 -5 -4 -3 -2 -1 0 1 2 3 4 5 
-12 -11 -10 -9 -8 -7 -6 -5 -4 -3 -2 -1 0 1 2 3 4 
-13 -12 -11 -10 -9 -8 -7 -6 -5 -4 -3 -2 -1 0 1 2 3 
-14 -13 -12 -11 -10 -9 -8 -7 -6 -5 -4 -3 -2 -1 0 1 2 
-15 -14 -13 -12 -11 -10 -9 -8 -7 -6 -5 -4 -3 -2 -1 0 1 
-16 -15 -14 -13 -12 -11 -10 -9 -8 -7 -6 -5 -4 -3 -2 -1 0 

01:21:15 DEBUG Controller execute - started
01:21:15 DEBUG Reader readCommand - started
01:21:16 DEBUG Reader readCommand - return value is CYCLIC_BARRIER
01:21:16 DEBUG Printer printMatrix - started
01:21:16 DEBUG Printer printMatrix - parameter is Matrix : 17x17
0 1 2 3 4 5 6 7 8 9 10 11 12 13 14 15 16 
-1 0 1 2 3 4 5 6 7 8 9 10 11 12 13 14 15 
-2 -1 0 1 2 3 4 5 6 7 8 9 10 11 12 13 14 
-3 -2 -1 0 1 2 3 4 5 6 7 8 9 10 11 12 13 
-4 -3 -2 -1 0 1 2 3 4 5 6 7 8 9 10 11 12 
-5 -4 -3 -2 -1 0 1 2 3 4 5 6 7 8 9 10 11 
-6 -5 -4 -3 -2 -1 0 1 2 3 4 5 6 7 8 9 10 
-7 -6 -5 -4 -3 -2 -1 0 1 2 3 4 5 6 7 8 9 
-8 -7 -6 -5 -4 -3 -2 -1 0 1 2 3 4 5 6 7 8 
-9 -8 -7 -6 -5 -4 -3 -2 -1 0 1 2 3 4 5 6 7 
-10 -9 -8 -7 -6 -5 -4 -3 -2 -1 0 1 2 3 4 5 6 
-11 -10 -9 -8 -7 -6 -5 -4 -3 -2 -1 0 1 2 3 4 5 
-12 -11 -10 -9 -8 -7 -6 -5 -4 -3 -2 -1 0 1 2 3 4 
-13 -12 -11 -10 -9 -8 -7 -6 -5 -4 -3 -2 -1 0 1 2 3 
-14 -13 -12 -11 -10 -9 -8 -7 -6 -5 -4 -3 -2 -1 0 1 2 
-15 -14 -13 -12 -11 -10 -9 -8 -7 -6 -5 -4 -3 -2 -1 0 1 
-16 -15 -14 -13 -12 -11 -10 -9 -8 -7 -6 -5 -4 -3 -2 -1 0 

01:21:16 DEBUG Controller execute - started
01:21:16 DEBUG Reader readCommand - started
01:21:19 DEBUG Reader readCommand - return value is CYCLIC_BARRIER
01:21:19 DEBUG Printer printMatrix - started
01:21:19 DEBUG Printer printMatrix - parameter is Matrix : 17x17
0 1 2 3 4 5 6 7 8 9 10 11 12 13 14 15 16 
-1 0 1 2 3 4 5 6 7 8 9 10 11 12 13 14 15 
-2 -1 0 1 2 3 4 5 6 7 8 9 10 11 12 13 14 
-3 -2 -1 0 1 2 3 4 5 6 7 8 9 10 11 12 13 
-4 -3 -2 -1 0 1 2 3 4 5 6 7 8 9 10 11 12 
-5 -4 -3 -2 -1 0 1 2 3 4 5 6 7 8 9 10 11 
-6 -5 -4 -3 -2 -1 0 1 2 3 4 5 6 7 8 9 10 
-7 -6 -5 -4 -3 -2 -1 0 1 2 3 4 5 6 7 8 9 
-8 -7 -6 -5 -4 -3 -2 -1 0 1 2 3 4 5 6 7 8 
-9 -8 -7 -6 -5 -4 -3 -2 -1 0 1 2 3 4 5 6 7 
-10 -9 -8 -7 -6 -5 -4 -3 -2 -1 0 1 2 3 4 5 6 
-11 -10 -9 -8 -7 -6 -5 -4 -3 -2 -1 0 1 2 3 4 5 
-12 -11 -10 -9 -8 -7 -6 -5 -4 -3 -2 -1 0 1 2 3 4 
-13 -12 -11 -10 -9 -8 -7 -6 -5 -4 -3 -2 -1 0 1 2 3 
-14 -13 -12 -11 -10 -9 -8 -7 -6 -5 -4 -3 -2 -1 0 1 2 
-15 -14 -13 -12 -11 -10 -9 -8 -7 -6 -5 -4 -3 -2 -1 0 1 
-16 -15 -14 -13 -12 -11 -10 -9 -8 -7 -6 -5 -4 -3 -2 -1 0 

01:21:30 DEBUG Controller execute - started
01:21:30 DEBUG Reader readCommand - started
01:21:36 DEBUG Reader readCommand - return value is EXECUTOR_SERVICE
01:21:39 DEBUG Printer printMatrix - started
01:21:39 DEBUG Printer printMatrix - parameter is Matrix : 17x17
11 1 2 3 4 5 6 7 8 9 10 11 12 13 14 15 16 
-1 95 1 2 3 4 5 6 7 8 9 10 11 12 13 14 15 
-2 -1 22 1 2 3 4 5 6 7 8 9 10 11 12 13 14 
-3 -2 -1 105 1 2 3 4 5 6 7 8 9 10 11 12 13 
-4 -3 -2 -1 115 1 2 3 4 5 6 7 8 9 10 11 12 
-5 -4 -3 -2 -1 125 1 2 3 4 5 6 7 8 9 10 11 
-6 -5 -4 -3 -2 -1 33 1 2 3 4 5 6 7 8 9 10 
-7 -6 -5 -4 -3 -2 -1 135 1 2 3 4 5 6 7 8 9 
-8 -7 -6 -5 -4 -3 -2 -1 145 1 2 3 4 5 6 7 8 
-9 -8 -7 -6 -5 -4 -3 -2 -1 155 1 2 3 4 5 6 7 
-10 -9 -8 -7 -6 -5 -4 -3 -2 -1 165 1 2 3 4 5 6 
-11 -10 -9 -8 -7 -6 -5 -4 -3 -2 -1 175 1 2 3 4 5 
-12 -11 -10 -9 -8 -7 -6 -5 -4 -3 -2 -1 55 1 2 3 4 
-13 -12 -11 -10 -9 -8 -7 -6 -5 -4 -3 -2 -1 65 1 2 3 
-14 -13 -12 -11 -10 -9 -8 -7 -6 -5 -4 -3 -2 -1 85 1 2 
-15 -14 -13 -12 -11 -10 -9 -8 -7 -6 -5 -4 -3 -2 -1 75 1 
-16 -15 -14 -13 -12 -11 -10 -9 -8 -7 -6 -5 -4 -3 -2 -1 44 

01:21:39 DEBUG Controller execute - started
01:21:39 DEBUG Reader readCommand - started
01:21:49 DEBUG Reader readCommand - return value is EXECUTOR_SERVICE
01:21:52 DEBUG Printer printMatrix - started
01:21:52 DEBUG Printer printMatrix - parameter is Matrix : 17x17
11 1 2 3 4 5 6 7 8 9 10 11 12 13 14 15 16 
-1 95 1 2 3 4 5 6 7 8 9 10 11 12 13 14 15 
-2 -1 105 1 2 3 4 5 6 7 8 9 10 11 12 13 14 
-3 -2 -1 115 1 2 3 4 5 6 7 8 9 10 11 12 13 
-4 -3 -2 -1 125 1 2 3 4 5 6 7 8 9 10 11 12 
-5 -4 -3 -2 -1 135 1 2 3 4 5 6 7 8 9 10 11 
-6 -5 -4 -3 -2 -1 145 1 2 3 4 5 6 7 8 9 10 
-7 -6 -5 -4 -3 -2 -1 155 1 2 3 4 5 6 7 8 9 
-8 -7 -6 -5 -4 -3 -2 -1 165 1 2 3 4 5 6 7 8 
-9 -8 -7 -6 -5 -4 -3 -2 -1 175 1 2 3 4 5 6 7 
-10 -9 -8 -7 -6 -5 -4 -3 -2 -1 22 1 2 3 4 5 6 
-11 -10 -9 -8 -7 -6 -5 -4 -3 -2 -1 75 1 2 3 4 5 
-12 -11 -10 -9 -8 -7 -6 -5 -4 -3 -2 -1 44 1 2 3 4 
-13 -12 -11 -10 -9 -8 -7 -6 -5 -4 -3 -2 -1 55 1 2 3 
-14 -13 -12 -11 -10 -9 -8 -7 -6 -5 -4 -3 -2 -1 33 1 2 
-15 -14 -13 -12 -11 -10 -9 -8 -7 -6 -5 -4 -3 -2 -1 65 1 
-16 -15 -14 -13 -12 -11 -10 -9 -8 -7 -6 -5 -4 -3 -2 -1 85 

01:21:59 DEBUG Controller execute - started
01:21:59 DEBUG Reader readCommand - started
01:22:02 DEBUG Reader readCommand - return value is CALLABLE
01:22:02 DEBUG Printer printMatrix - started
01:22:02 DEBUG Printer printMatrix - parameter is Matrix : 17x17
11 1 2 3 4 5 6 7 8 9 10 11 12 13 14 15 16 
-1 22 1 2 3 4 5 6 7 8 9 10 11 12 13 14 15 
-2 -1 33 1 2 3 4 5 6 7 8 9 10 11 12 13 14 
-3 -2 -1 44 1 2 3 4 5 6 7 8 9 10 11 12 13 
-4 -3 -2 -1 55 1 2 3 4 5 6 7 8 9 10 11 12 
-5 -4 -3 -2 -1 65 1 2 3 4 5 6 7 8 9 10 11 
-6 -5 -4 -3 -2 -1 75 1 2 3 4 5 6 7 8 9 10 
-7 -6 -5 -4 -3 -2 -1 85 1 2 3 4 5 6 7 8 9 
-8 -7 -6 -5 -4 -3 -2 -1 95 1 2 3 4 5 6 7 8 
-9 -8 -7 -6 -5 -4 -3 -2 -1 105 1 2 3 4 5 6 7 
-10 -9 -8 -7 -6 -5 -4 -3 -2 -1 115 1 2 3 4 5 6 
-11 -10 -9 -8 -7 -6 -5 -4 -3 -2 -1 125 1 2 3 4 5 
-12 -11 -10 -9 -8 -7 -6 -5 -4 -3 -2 -1 135 1 2 3 4 
-13 -12 -11 -10 -9 -8 -7 -6 -5 -4 -3 -2 -1 145 1 2 3 
-14 -13 -12 -11 -10 -9 -8 -7 -6 -5 -4 -3 -2 -1 155 1 2 
-15 -14 -13 -12 -11 -10 -9 -8 -7 -6 -5 -4 -3 -2 -1 165 1 
-16 -15 -14 -13 -12 -11 -10 -9 -8 -7 -6 -5 -4 -3 -2 -1 175 

01:22:09 DEBUG Controller execute - started
01:22:09 DEBUG Reader readCommand - started
01:22:13 DEBUG Reader readCommand - return value is CYCLIC_BARRIER
01:22:13 DEBUG Printer printMatrix - started
01:22:13 DEBUG Printer printMatrix - parameter is Matrix : 17x17
0 1 2 3 4 5 6 7 8 9 10 11 12 13 14 15 16 
-1 0 1 2 3 4 5 6 7 8 9 10 11 12 13 14 15 
-2 -1 0 1 2 3 4 5 6 7 8 9 10 11 12 13 14 
-3 -2 -1 0 1 2 3 4 5 6 7 8 9 10 11 12 13 
-4 -3 -2 -1 0 1 2 3 4 5 6 7 8 9 10 11 12 
-5 -4 -3 -2 -1 0 1 2 3 4 5 6 7 8 9 10 11 
-6 -5 -4 -3 -2 -1 0 1 2 3 4 5 6 7 8 9 10 
-7 -6 -5 -4 -3 -2 -1 0 1 2 3 4 5 6 7 8 9 
-8 -7 -6 -5 -4 -3 -2 -1 0 1 2 3 4 5 6 7 8 
-9 -8 -7 -6 -5 -4 -3 -2 -1 0 1 2 3 4 5 6 7 
-10 -9 -8 -7 -6 -5 -4 -3 -2 -1 0 1 2 3 4 5 6 
-11 -10 -9 -8 -7 -6 -5 -4 -3 -2 -1 0 1 2 3 4 5 
-12 -11 -10 -9 -8 -7 -6 -5 -4 -3 -2 -1 0 1 2 3 4 
-13 -12 -11 -10 -9 -8 -7 -6 -5 -4 -3 -2 -1 0 1 2 3 
-14 -13 -12 -11 -10 -9 -8 -7 -6 -5 -4 -3 -2 -1 0 1 2 
-15 -14 -13 -12 -11 -10 -9 -8 -7 -6 -5 -4 -3 -2 -1 0 1 
-16 -15 -14 -13 -12 -11 -10 -9 -8 -7 -6 -5 -4 -3 -2 -1 0 

01:22:13 DEBUG Controller execute - started
01:22:13 DEBUG Reader readCommand - started
01:22:17 DEBUG Reader readCommand - return value is COUNT_DOWN_LATCH
01:22:17 DEBUG Printer printMatrix - started
01:22:17 DEBUG Printer printMatrix - parameter is Matrix : 17x17
0 1 2 3 4 5 6 7 8 9 10 11 12 13 14 15 16 
-1 0 1 2 3 4 5 6 7 8 9 10 11 12 13 14 15 
-2 -1 0 1 2 3 4 5 6 7 8 9 10 11 12 13 14 
-3 -2 -1 0 1 2 3 4 5 6 7 8 9 10 11 12 13 
-4 -3 -2 -1 0 1 2 3 4 5 6 7 8 9 10 11 12 
-5 -4 -3 -2 -1 0 1 2 3 4 5 6 7 8 9 10 11 
-6 -5 -4 -3 -2 -1 0 1 2 3 4 5 6 7 8 9 10 
-7 -6 -5 -4 -3 -2 -1 0 1 2 3 4 5 6 7 8 9 
-8 -7 -6 -5 -4 -3 -2 -1 0 1 2 3 4 5 6 7 8 
-9 -8 -7 -6 -5 -4 -3 -2 -1 0 1 2 3 4 5 6 7 
-10 -9 -8 -7 -6 -5 -4 -3 -2 -1 0 1 2 3 4 5 6 
-11 -10 -9 -8 -7 -6 -5 -4 -3 -2 -1 0 1 2 3 4 5 
-12 -11 -10 -9 -8 -7 -6 -5 -4 -3 -2 -1 0 1 2 3 4 
-13 -12 -11 -10 -9 -8 -7 -6 -5 -4 -3 -2 -1 0 1 2 3 
-14 -13 -12 -11 -10 -9 -8 -7 -6 -5 -4 -3 -2 -1 0 1 2 
-15 -14 -13 -12 -11 -10 -9 -8 -7 -6 -5 -4 -3 -2 -1 0 1 
-16 -15 -14 -13 -12 -11 -10 -9 -8 -7 -6 -5 -4 -3 -2 -1 0 

01:22:23 DEBUG Controller execute - started
01:22:23 DEBUG Reader readCommand - started
01:22:24 DEBUG Reader readCommand - return value is COUNT_DOWN_LATCH
01:22:24 DEBUG Printer printMatrix - started
01:22:24 DEBUG Printer printMatrix - parameter is Matrix : 17x17
0 1 2 3 4 5 6 7 8 9 10 11 12 13 14 15 16 
-1 0 1 2 3 4 5 6 7 8 9 10 11 12 13 14 15 
-2 -1 0 1 2 3 4 5 6 7 8 9 10 11 12 13 14 
-3 -2 -1 0 1 2 3 4 5 6 7 8 9 10 11 12 13 
-4 -3 -2 -1 0 1 2 3 4 5 6 7 8 9 10 11 12 
-5 -4 -3 -2 -1 0 1 2 3 4 5 6 7 8 9 10 11 
-6 -5 -4 -3 -2 -1 0 1 2 3 4 5 6 7 8 9 10 
-7 -6 -5 -4 -3 -2 -1 0 1 2 3 4 5 6 7 8 9 
-8 -7 -6 -5 -4 -3 -2 -1 0 1 2 3 4 5 6 7 8 
-9 -8 -7 -6 -5 -4 -3 -2 -1 0 1 2 3 4 5 6 7 
-10 -9 -8 -7 -6 -5 -4 -3 -2 -1 0 1 2 3 4 5 6 
-11 -10 -9 -8 -7 -6 -5 -4 -3 -2 -1 0 1 2 3 4 5 
-12 -11 -10 -9 -8 -7 -6 -5 -4 -3 -2 -1 0 1 2 3 4 
-13 -12 -11 -10 -9 -8 -7 -6 -5 -4 -3 -2 -1 0 1 2 3 
-14 -13 -12 -11 -10 -9 -8 -7 -6 -5 -4 -3 -2 -1 0 1 2 
-15 -14 -13 -12 -11 -10 -9 -8 -7 -6 -5 -4 -3 -2 -1 0 1 
-16 -15 -14 -13 -12 -11 -10 -9 -8 -7 -6 -5 -4 -3 -2 -1 0 

01:22:28 DEBUG Controller execute - started
01:22:28 DEBUG Reader readCommand - started
01:22:29 DEBUG Reader readCommand - return value is COUNT_DOWN_LATCH
01:22:29 DEBUG Printer printMatrix - started
01:22:29 DEBUG Printer printMatrix - parameter is Matrix : 17x17
0 1 2 3 4 5 6 7 8 9 10 11 12 13 14 15 16 
-1 0 1 2 3 4 5 6 7 8 9 10 11 12 13 14 15 
-2 -1 0 1 2 3 4 5 6 7 8 9 10 11 12 13 14 
-3 -2 -1 0 1 2 3 4 5 6 7 8 9 10 11 12 13 
-4 -3 -2 -1 0 1 2 3 4 5 6 7 8 9 10 11 12 
-5 -4 -3 -2 -1 0 1 2 3 4 5 6 7 8 9 10 11 
-6 -5 -4 -3 -2 -1 0 1 2 3 4 5 6 7 8 9 10 
-7 -6 -5 -4 -3 -2 -1 0 1 2 3 4 5 6 7 8 9 
-8 -7 -6 -5 -4 -3 -2 -1 0 1 2 3 4 5 6 7 8 
-9 -8 -7 -6 -5 -4 -3 -2 -1 0 1 2 3 4 5 6 7 
-10 -9 -8 -7 -6 -5 -4 -3 -2 -1 0 1 2 3 4 5 6 
-11 -10 -9 -8 -7 -6 -5 -4 -3 -2 -1 0 1 2 3 4 5 
-12 -11 -10 -9 -8 -7 -6 -5 -4 -3 -2 -1 0 1 2 3 4 
-13 -12 -11 -10 -9 -8 -7 -6 -5 -4 -3 -2 -1 0 1 2 3 
-14 -13 -12 -11 -10 -9 -8 -7 -6 -5 -4 -3 -2 -1 0 1 2 
-15 -14 -13 -12 -11 -10 -9 -8 -7 -6 -5 -4 -3 -2 -1 0 1 
-16 -15 -14 -13 -12 -11 -10 -9 -8 -7 -6 -5 -4 -3 -2 -1 0 

01:22:29 DEBUG Controller execute - started
01:22:29 DEBUG Reader readCommand - started
01:22:31 DEBUG Reader readCommand - return value is 
01:22:32 DEBUG Controller execute - started
01:22:32 DEBUG Reader readCommand - started
01:22:33 DEBUG Reader readCommand - return value is COUNT_DOWN_LATCH
01:22:33 DEBUG Printer printMatrix - started
01:22:33 DEBUG Printer printMatrix - parameter is Matrix : 17x17
0 1 2 3 4 5 6 7 8 9 10 11 12 13 14 15 16 
-1 0 1 2 3 4 5 6 7 8 9 10 11 12 13 14 15 
-2 -1 0 1 2 3 4 5 6 7 8 9 10 11 12 13 14 
-3 -2 -1 0 1 2 3 4 5 6 7 8 9 10 11 12 13 
-4 -3 -2 -1 0 1 2 3 4 5 6 7 8 9 10 11 12 
-5 -4 -3 -2 -1 0 1 2 3 4 5 6 7 8 9 10 11 
-6 -5 -4 -3 -2 -1 0 1 2 3 4 5 6 7 8 9 10 
-7 -6 -5 -4 -3 -2 -1 0 1 2 3 4 5 6 7 8 9 
-8 -7 -6 -5 -4 -3 -2 -1 0 1 2 3 4 5 6 7 8 
-9 -8 -7 -6 -5 -4 -3 -2 -1 0 1 2 3 4 5 6 7 
-10 -9 -8 -7 -6 -5 -4 -3 -2 -1 0 1 2 3 4 5 6 
-11 -10 -9 -8 -7 -6 -5 -4 -3 -2 -1 0 1 2 3 4 5 
-12 -11 -10 -9 -8 -7 -6 -5 -4 -3 -2 -1 0 1 2 3 4 
-13 -12 -11 -10 -9 -8 -7 -6 -5 -4 -3 -2 -1 0 1 2 3 
-14 -13 -12 -11 -10 -9 -8 -7 -6 -5 -4 -3 -2 -1 0 1 2 
-15 -14 -13 -12 -11 -10 -9 -8 -7 -6 -5 -4 -3 -2 -1 0 1 
-16 -15 -14 -13 -12 -11 -10 -9 -8 -7 -6 -5 -4 -3 -2 -1 0 

01:22:35 DEBUG Controller execute - started
01:22:35 DEBUG Reader readCommand - started
01:22:35 DEBUG Reader readCommand - return value is COUNT_DOWN_LATCH
01:22:35 DEBUG Printer printMatrix - started
01:22:35 DEBUG Printer printMatrix - parameter is Matrix : 17x17
0 1 2 3 4 5 6 7 8 9 10 11 12 13 14 15 16 
-1 0 1 2 3 4 5 6 7 8 9 10 11 12 13 14 15 
-2 -1 0 1 2 3 4 5 6 7 8 9 10 11 12 13 14 
-3 -2 -1 0 1 2 3 4 5 6 7 8 9 10 11 12 13 
-4 -3 -2 -1 0 1 2 3 4 5 6 7 8 9 10 11 12 
-5 -4 -3 -2 -1 0 1 2 3 4 5 6 7 8 9 10 11 
-6 -5 -4 -3 -2 -1 0 1 2 3 4 5 6 7 8 9 10 
-7 -6 -5 -4 -3 -2 -1 0 1 2 3 4 5 6 7 8 9 
-8 -7 -6 -5 -4 -3 -2 -1 0 1 2 3 4 5 6 7 8 
-9 -8 -7 -6 -5 -4 -3 -2 -1 0 1 2 3 4 5 6 7 
-10 -9 -8 -7 -6 -5 -4 -3 -2 -1 0 1 2 3 4 5 6 
-11 -10 -9 -8 -7 -6 -5 -4 -3 -2 -1 0 1 2 3 4 5 
-12 -11 -10 -9 -8 -7 -6 -5 -4 -3 -2 -1 0 1 2 3 4 
-13 -12 -11 -10 -9 -8 -7 -6 -5 -4 -3 -2 -1 0 1 2 3 
-14 -13 -12 -11 -10 -9 -8 -7 -6 -5 -4 -3 -2 -1 0 1 2 
-15 -14 -13 -12 -11 -10 -9 -8 -7 -6 -5 -4 -3 -2 -1 0 1 
-16 -15 -14 -13 -12 -11 -10 -9 -8 -7 -6 -5 -4 -3 -2 -1 0 

01:22:40 DEBUG Controller execute - started
01:22:40 DEBUG Reader readCommand - started
01:22:43 DEBUG Reader readCommand - return value is CYCLIC_BARRIER
01:22:43 DEBUG Printer printMatrix - started
01:22:43 DEBUG Printer printMatrix - parameter is Matrix : 17x17
0 1 2 3 4 5 6 7 8 9 10 11 12 13 14 15 16 
-1 0 1 2 3 4 5 6 7 8 9 10 11 12 13 14 15 
-2 -1 0 1 2 3 4 5 6 7 8 9 10 11 12 13 14 
-3 -2 -1 0 1 2 3 4 5 6 7 8 9 10 11 12 13 
-4 -3 -2 -1 0 1 2 3 4 5 6 7 8 9 10 11 12 
-5 -4 -3 -2 -1 0 1 2 3 4 5 6 7 8 9 10 11 
-6 -5 -4 -3 -2 -1 0 1 2 3 4 5 6 7 8 9 10 
-7 -6 -5 -4 -3 -2 -1 0 1 2 3 4 5 6 7 8 9 
-8 -7 -6 -5 -4 -3 -2 -1 0 1 2 3 4 5 6 7 8 
-9 -8 -7 -6 -5 -4 -3 -2 -1 0 1 2 3 4 5 6 7 
-10 -9 -8 -7 -6 -5 -4 -3 -2 -1 0 1 2 3 4 5 6 
-11 -10 -9 -8 -7 -6 -5 -4 -3 -2 -1 0 1 2 3 4 5 
-12 -11 -10 -9 -8 -7 -6 -5 -4 -3 -2 -1 0 1 2 3 4 
-13 -12 -11 -10 -9 -8 -7 -6 -5 -4 -3 -2 -1 0 1 2 3 
-14 -13 -12 -11 -10 -9 -8 -7 -6 -5 -4 -3 -2 -1 0 1 2 
-15 -14 -13 -12 -11 -10 -9 -8 -7 -6 -5 -4 -3 -2 -1 0 1 
-16 -15 -14 -13 -12 -11 -10 -9 -8 -7 -6 -5 -4 -3 -2 -1 0 

01:22:43 DEBUG Controller execute - started
01:22:43 DEBUG Reader readCommand - started
01:22:45 DEBUG Reader readCommand - return value is CYCLIC_BARRIER
01:22:45 DEBUG Printer printMatrix - started
01:22:45 DEBUG Printer printMatrix - parameter is Matrix : 17x17
0 1 2 3 4 5 6 7 8 9 10 11 12 13 14 15 16 
-1 0 1 2 3 4 5 6 7 8 9 10 11 12 13 14 15 
-2 -1 0 1 2 3 4 5 6 7 8 9 10 11 12 13 14 
-3 -2 -1 0 1 2 3 4 5 6 7 8 9 10 11 12 13 
-4 -3 -2 -1 0 1 2 3 4 5 6 7 8 9 10 11 12 
-5 -4 -3 -2 -1 0 1 2 3 4 5 6 7 8 9 10 11 
-6 -5 -4 -3 -2 -1 0 1 2 3 4 5 6 7 8 9 10 
-7 -6 -5 -4 -3 -2 -1 0 1 2 3 4 5 6 7 8 9 
-8 -7 -6 -5 -4 -3 -2 -1 0 1 2 3 4 5 6 7 8 
-9 -8 -7 -6 -5 -4 -3 -2 -1 0 1 2 3 4 5 6 7 
-10 -9 -8 -7 -6 -5 -4 -3 -2 -1 0 1 2 3 4 5 6 
-11 -10 -9 -8 -7 -6 -5 -4 -3 -2 -1 0 1 2 3 4 5 
-12 -11 -10 -9 -8 -7 -6 -5 -4 -3 -2 -1 0 1 2 3 4 
-13 -12 -11 -10 -9 -8 -7 -6 -5 -4 -3 -2 -1 0 1 2 3 
-14 -13 -12 -11 -10 -9 -8 -7 -6 -5 -4 -3 -2 -1 0 1 2 
-15 -14 -13 -12 -11 -10 -9 -8 -7 -6 -5 -4 -3 -2 -1 0 1 
-16 -15 -14 -13 -12 -11 -10 -9 -8 -7 -6 -5 -4 -3 -2 -1 0 

01:22:47 DEBUG Controller execute - started
01:22:47 DEBUG Reader readCommand - started
01:22:49 DEBUG Reader readCommand - return value is COUNT_DOWN_LATCH
01:22:49 DEBUG Printer printMatrix - started
01:22:49 DEBUG Printer printMatrix - parameter is Matrix : 17x17
0 1 2 3 4 5 6 7 8 9 10 11 12 13 14 15 16 
-1 0 1 2 3 4 5 6 7 8 9 10 11 12 13 14 15 
-2 -1 0 1 2 3 4 5 6 7 8 9 10 11 12 13 14 
-3 -2 -1 0 1 2 3 4 5 6 7 8 9 10 11 12 13 
-4 -3 -2 -1 0 1 2 3 4 5 6 7 8 9 10 11 12 
-5 -4 -3 -2 -1 0 1 2 3 4 5 6 7 8 9 10 11 
-6 -5 -4 -3 -2 -1 0 1 2 3 4 5 6 7 8 9 10 
-7 -6 -5 -4 -3 -2 -1 0 1 2 3 4 5 6 7 8 9 
-8 -7 -6 -5 -4 -3 -2 -1 0 1 2 3 4 5 6 7 8 
-9 -8 -7 -6 -5 -4 -3 -2 -1 0 1 2 3 4 5 6 7 
-10 -9 -8 -7 -6 -5 -4 -3 -2 -1 0 1 2 3 4 5 6 
-11 -10 -9 -8 -7 -6 -5 -4 -3 -2 -1 0 1 2 3 4 5 
-12 -11 -10 -9 -8 -7 -6 -5 -4 -3 -2 -1 0 1 2 3 4 
-13 -12 -11 -10 -9 -8 -7 -6 -5 -4 -3 -2 -1 0 1 2 3 
-14 -13 -12 -11 -10 -9 -8 -7 -6 -5 -4 -3 -2 -1 0 1 2 
-15 -14 -13 -12 -11 -10 -9 -8 -7 -6 -5 -4 -3 -2 -1 0 1 
-16 -15 -14 -13 -12 -11 -10 -9 -8 -7 -6 -5 -4 -3 -2 -1 0 

01:22:51 DEBUG Controller execute - started
01:22:51 DEBUG Reader readCommand - started
01:22:52 DEBUG Reader readCommand - return value is COUNT_DOWN_LATCH
01:22:52 DEBUG Printer printMatrix - started
01:22:52 DEBUG Printer printMatrix - parameter is Matrix : 17x17
0 1 2 3 4 5 6 7 8 9 10 11 12 13 14 15 16 
-1 0 1 2 3 4 5 6 7 8 9 10 11 12 13 14 15 
-2 -1 0 1 2 3 4 5 6 7 8 9 10 11 12 13 14 
-3 -2 -1 0 1 2 3 4 5 6 7 8 9 10 11 12 13 
-4 -3 -2 -1 0 1 2 3 4 5 6 7 8 9 10 11 12 
-5 -4 -3 -2 -1 0 1 2 3 4 5 6 7 8 9 10 11 
-6 -5 -4 -3 -2 -1 0 1 2 3 4 5 6 7 8 9 10 
-7 -6 -5 -4 -3 -2 -1 0 1 2 3 4 5 6 7 8 9 
-8 -7 -6 -5 -4 -3 -2 -1 0 1 2 3 4 5 6 7 8 
-9 -8 -7 -6 -5 -4 -3 -2 -1 0 1 2 3 4 5 6 7 
-10 -9 -8 -7 -6 -5 -4 -3 -2 -1 0 1 2 3 4 5 6 
-11 -10 -9 -8 -7 -6 -5 -4 -3 -2 -1 0 1 2 3 4 5 
-12 -11 -10 -9 -8 -7 -6 -5 -4 -3 -2 -1 0 1 2 3 4 
-13 -12 -11 -10 -9 -8 -7 -6 -5 -4 -3 -2 -1 0 1 2 3 
-14 -13 -12 -11 -10 -9 -8 -7 -6 -5 -4 -3 -2 -1 0 1 2 
-15 -14 -13 -12 -11 -10 -9 -8 -7 -6 -5 -4 -3 -2 -1 0 1 
-16 -15 -14 -13 -12 -11 -10 -9 -8 -7 -6 -5 -4 -3 -2 -1 0 

01:22:53 DEBUG Controller execute - started
01:22:53 DEBUG Reader readCommand - started
01:22:54 DEBUG Reader readCommand - return value is COUNT_DOWN_LATCH
01:22:54 DEBUG Printer printMatrix - started
01:22:54 DEBUG Printer printMatrix - parameter is Matrix : 17x17
0 1 2 3 4 5 6 7 8 9 10 11 12 13 14 15 16 
-1 0 1 2 3 4 5 6 7 8 9 10 11 12 13 14 15 
-2 -1 0 1 2 3 4 5 6 7 8 9 10 11 12 13 14 
-3 -2 -1 0 1 2 3 4 5 6 7 8 9 10 11 12 13 
-4 -3 -2 -1 0 1 2 3 4 5 6 7 8 9 10 11 12 
-5 -4 -3 -2 -1 0 1 2 3 4 5 6 7 8 9 10 11 
-6 -5 -4 -3 -2 -1 0 1 2 3 4 5 6 7 8 9 10 
-7 -6 -5 -4 -3 -2 -1 0 1 2 3 4 5 6 7 8 9 
-8 -7 -6 -5 -4 -3 -2 -1 0 1 2 3 4 5 6 7 8 
-9 -8 -7 -6 -5 -4 -3 -2 -1 0 1 2 3 4 5 6 7 
-10 -9 -8 -7 -6 -5 -4 -3 -2 -1 0 1 2 3 4 5 6 
-11 -10 -9 -8 -7 -6 -5 -4 -3 -2 -1 0 1 2 3 4 5 
-12 -11 -10 -9 -8 -7 -6 -5 -4 -3 -2 -1 0 1 2 3 4 
-13 -12 -11 -10 -9 -8 -7 -6 -5 -4 -3 -2 -1 0 1 2 3 
-14 -13 -12 -11 -10 -9 -8 -7 -6 -5 -4 -3 -2 -1 0 1 2 
-15 -14 -13 -12 -11 -10 -9 -8 -7 -6 -5 -4 -3 -2 -1 0 1 
-16 -15 -14 -13 -12 -11 -10 -9 -8 -7 -6 -5 -4 -3 -2 -1 0 

01:22:56 INFO  Runner main - Program has finished
01:29:05 INFO  Runner main - Program has started
01:29:05 DEBUG Controller execute - started
01:29:05 DEBUG Reader readCommand - started
01:29:16 INFO  Runner main - Program has started
01:29:16 DEBUG Controller execute - started
01:29:16 DEBUG Reader readCommand - started
01:29:19 DEBUG Reader readCommand - return value is CYCLIC_BARRIER
01:29:20 DEBUG Printer printMatrix - started
01:29:20 DEBUG Printer printMatrix - parameter is Matrix : 17x17
11 1 2 3 4 5 6 7 8 9 10 11 12 13 14 15 16 
-1 85 1 2 3 4 5 6 7 8 9 10 11 12 13 14 15 
-2 -1 44 1 2 3 4 5 6 7 8 9 10 11 12 13 14 
-3 -2 -1 33 1 2 3 4 5 6 7 8 9 10 11 12 13 
-4 -3 -2 -1 75 1 2 3 4 5 6 7 8 9 10 11 12 
-5 -4 -3 -2 -1 22 1 2 3 4 5 6 7 8 9 10 11 
-6 -5 -4 -3 -2 -1 55 1 2 3 4 5 6 7 8 9 10 
-7 -6 -5 -4 -3 -2 -1 65 1 2 3 4 5 6 7 8 9 
-8 -7 -6 -5 -4 -3 -2 -1 95 1 2 3 4 5 6 7 8 
-9 -8 -7 -6 -5 -4 -3 -2 -1 105 1 2 3 4 5 6 7 
-10 -9 -8 -7 -6 -5 -4 -3 -2 -1 115 1 2 3 4 5 6 
-11 -10 -9 -8 -7 -6 -5 -4 -3 -2 -1 125 1 2 3 4 5 
-12 -11 -10 -9 -8 -7 -6 -5 -4 -3 -2 -1 135 1 2 3 4 
-13 -12 -11 -10 -9 -8 -7 -6 -5 -4 -3 -2 -1 145 1 2 3 
-14 -13 -12 -11 -10 -9 -8 -7 -6 -5 -4 -3 -2 -1 155 1 2 
-15 -14 -13 -12 -11 -10 -9 -8 -7 -6 -5 -4 -3 -2 -1 165 1 
-16 -15 -14 -13 -12 -11 -10 -9 -8 -7 -6 -5 -4 -3 -2 -1 175 

01:29:23 DEBUG Controller execute - started
01:29:23 DEBUG Reader readCommand - started
01:29:24 DEBUG Reader readCommand - return value is CYCLIC_BARRIER
01:29:24 DEBUG Printer printMatrix - started
01:29:24 DEBUG Printer printMatrix - parameter is Matrix : 17x17
0 1 2 3 4 5 6 7 8 9 10 11 12 13 14 15 16 
-1 0 1 2 3 4 5 6 7 8 9 10 11 12 13 14 15 
-2 -1 0 1 2 3 4 5 6 7 8 9 10 11 12 13 14 
-3 -2 -1 0 1 2 3 4 5 6 7 8 9 10 11 12 13 
-4 -3 -2 -1 0 1 2 3 4 5 6 7 8 9 10 11 12 
-5 -4 -3 -2 -1 0 1 2 3 4 5 6 7 8 9 10 11 
-6 -5 -4 -3 -2 -1 0 1 2 3 4 5 6 7 8 9 10 
-7 -6 -5 -4 -3 -2 -1 0 1 2 3 4 5 6 7 8 9 
-8 -7 -6 -5 -4 -3 -2 -1 0 1 2 3 4 5 6 7 8 
-9 -8 -7 -6 -5 -4 -3 -2 -1 0 1 2 3 4 5 6 7 
-10 -9 -8 -7 -6 -5 -4 -3 -2 -1 0 1 2 3 4 5 6 
-11 -10 -9 -8 -7 -6 -5 -4 -3 -2 -1 0 1 2 3 4 5 
-12 -11 -10 -9 -8 -7 -6 -5 -4 -3 -2 -1 0 1 2 3 4 
-13 -12 -11 -10 -9 -8 -7 -6 -5 -4 -3 -2 -1 0 1 2 3 
-14 -13 -12 -11 -10 -9 -8 -7 -6 -5 -4 -3 -2 -1 0 1 2 
-15 -14 -13 -12 -11 -10 -9 -8 -7 -6 -5 -4 -3 -2 -1 0 1 
-16 -15 -14 -13 -12 -11 -10 -9 -8 -7 -6 -5 -4 -3 -2 -1 0 

01:29:24 DEBUG Controller execute - started
01:29:24 DEBUG Reader readCommand - started
01:29:29 DEBUG Reader readCommand - return value is CYCLIC_BARRIER
01:29:29 DEBUG Printer printMatrix - started
01:29:29 DEBUG Printer printMatrix - parameter is Matrix : 17x17
0 1 2 3 4 5 6 7 8 9 10 11 12 13 14 15 16 
-1 0 1 2 3 4 5 6 7 8 9 10 11 12 13 14 15 
-2 -1 0 1 2 3 4 5 6 7 8 9 10 11 12 13 14 
-3 -2 -1 0 1 2 3 4 5 6 7 8 9 10 11 12 13 
-4 -3 -2 -1 0 1 2 3 4 5 6 7 8 9 10 11 12 
-5 -4 -3 -2 -1 0 1 2 3 4 5 6 7 8 9 10 11 
-6 -5 -4 -3 -2 -1 0 1 2 3 4 5 6 7 8 9 10 
-7 -6 -5 -4 -3 -2 -1 0 1 2 3 4 5 6 7 8 9 
-8 -7 -6 -5 -4 -3 -2 -1 0 1 2 3 4 5 6 7 8 
-9 -8 -7 -6 -5 -4 -3 -2 -1 0 1 2 3 4 5 6 7 
-10 -9 -8 -7 -6 -5 -4 -3 -2 -1 0 1 2 3 4 5 6 
-11 -10 -9 -8 -7 -6 -5 -4 -3 -2 -1 0 1 2 3 4 5 
-12 -11 -10 -9 -8 -7 -6 -5 -4 -3 -2 -1 0 1 2 3 4 
-13 -12 -11 -10 -9 -8 -7 -6 -5 -4 -3 -2 -1 0 1 2 3 
-14 -13 -12 -11 -10 -9 -8 -7 -6 -5 -4 -3 -2 -1 0 1 2 
-15 -14 -13 -12 -11 -10 -9 -8 -7 -6 -5 -4 -3 -2 -1 0 1 
-16 -15 -14 -13 -12 -11 -10 -9 -8 -7 -6 -5 -4 -3 -2 -1 0 

01:32:22 INFO  Runner main - Program has started
01:32:22 DEBUG Controller execute - started
01:32:22 DEBUG Reader readCommand - started
01:32:24 DEBUG Reader readCommand - return value is CYCLIC_BARRIER
01:32:24 DEBUG Printer printMatrix - started
01:32:24 DEBUG Printer printMatrix - parameter is Matrix : 17x17
0 1 2 3 4 5 6 7 8 9 10 11 12 13 14 15 16 
-1 0 1 2 3 4 5 6 7 8 9 10 11 12 13 14 15 
-2 -1 0 1 2 3 4 5 6 7 8 9 10 11 12 13 14 
-3 -2 -1 0 1 2 3 4 5 6 7 8 9 10 11 12 13 
-4 -3 -2 -1 0 1 2 3 4 5 6 7 8 9 10 11 12 
-5 -4 -3 -2 -1 0 1 2 3 4 5 6 7 8 9 10 11 
-6 -5 -4 -3 -2 -1 0 1 2 3 4 5 6 7 8 9 10 
-7 -6 -5 -4 -3 -2 -1 0 1 2 3 4 5 6 7 8 9 
-8 -7 -6 -5 -4 -3 -2 -1 0 1 2 3 4 5 6 7 8 
-9 -8 -7 -6 -5 -4 -3 -2 -1 0 1 2 3 4 5 6 7 
-10 -9 -8 -7 -6 -5 -4 -3 -2 -1 0 1 2 3 4 5 6 
-11 -10 -9 -8 -7 -6 -5 -4 -3 -2 -1 0 1 2 3 4 5 
-12 -11 -10 -9 -8 -7 -6 -5 -4 -3 -2 -1 0 1 2 3 4 
-13 -12 -11 -10 -9 -8 -7 -6 -5 -4 -3 -2 -1 0 1 2 3 
-14 -13 -12 -11 -10 -9 -8 -7 -6 -5 -4 -3 -2 -1 0 1 2 
-15 -14 -13 -12 -11 -10 -9 -8 -7 -6 -5 -4 -3 -2 -1 0 1 
-16 -15 -14 -13 -12 -11 -10 -9 -8 -7 -6 -5 -4 -3 -2 -1 0 

01:32:25 DEBUG Controller execute - started
01:32:25 DEBUG Reader readCommand - started
01:32:26 DEBUG Reader readCommand - return value is CYCLIC_BARRIER
01:32:26 DEBUG Printer printMatrix - started
01:32:26 DEBUG Printer printMatrix - parameter is Matrix : 17x17
0 1 2 3 4 5 6 7 8 9 10 11 12 13 14 15 16 
-1 0 1 2 3 4 5 6 7 8 9 10 11 12 13 14 15 
-2 -1 0 1 2 3 4 5 6 7 8 9 10 11 12 13 14 
-3 -2 -1 0 1 2 3 4 5 6 7 8 9 10 11 12 13 
-4 -3 -2 -1 0 1 2 3 4 5 6 7 8 9 10 11 12 
-5 -4 -3 -2 -1 0 1 2 3 4 5 6 7 8 9 10 11 
-6 -5 -4 -3 -2 -1 0 1 2 3 4 5 6 7 8 9 10 
-7 -6 -5 -4 -3 -2 -1 0 1 2 3 4 5 6 7 8 9 
-8 -7 -6 -5 -4 -3 -2 -1 0 1 2 3 4 5 6 7 8 
-9 -8 -7 -6 -5 -4 -3 -2 -1 0 1 2 3 4 5 6 7 
-10 -9 -8 -7 -6 -5 -4 -3 -2 -1 0 1 2 3 4 5 6 
-11 -10 -9 -8 -7 -6 -5 -4 -3 -2 -1 0 1 2 3 4 5 
-12 -11 -10 -9 -8 -7 -6 -5 -4 -3 -2 -1 0 1 2 3 4 
-13 -12 -11 -10 -9 -8 -7 -6 -5 -4 -3 -2 -1 0 1 2 3 
-14 -13 -12 -11 -10 -9 -8 -7 -6 -5 -4 -3 -2 -1 0 1 2 
-15 -14 -13 -12 -11 -10 -9 -8 -7 -6 -5 -4 -3 -2 -1 0 1 
-16 -15 -14 -13 -12 -11 -10 -9 -8 -7 -6 -5 -4 -3 -2 -1 0 

01:32:27 DEBUG Controller execute - started
01:32:27 DEBUG Reader readCommand - started
01:32:28 DEBUG Reader readCommand - return value is CYCLIC_BARRIER
01:32:28 DEBUG Printer printMatrix - started
01:32:28 DEBUG Printer printMatrix - parameter is Matrix : 17x17
0 1 2 3 4 5 6 7 8 9 10 11 12 13 14 15 16 
-1 0 1 2 3 4 5 6 7 8 9 10 11 12 13 14 15 
-2 -1 0 1 2 3 4 5 6 7 8 9 10 11 12 13 14 
-3 -2 -1 0 1 2 3 4 5 6 7 8 9 10 11 12 13 
-4 -3 -2 -1 0 1 2 3 4 5 6 7 8 9 10 11 12 
-5 -4 -3 -2 -1 0 1 2 3 4 5 6 7 8 9 10 11 
-6 -5 -4 -3 -2 -1 0 1 2 3 4 5 6 7 8 9 10 
-7 -6 -5 -4 -3 -2 -1 0 1 2 3 4 5 6 7 8 9 
-8 -7 -6 -5 -4 -3 -2 -1 0 1 2 3 4 5 6 7 8 
-9 -8 -7 -6 -5 -4 -3 -2 -1 0 1 2 3 4 5 6 7 
-10 -9 -8 -7 -6 -5 -4 -3 -2 -1 0 1 2 3 4 5 6 
-11 -10 -9 -8 -7 -6 -5 -4 -3 -2 -1 0 1 2 3 4 5 
-12 -11 -10 -9 -8 -7 -6 -5 -4 -3 -2 -1 0 1 2 3 4 
-13 -12 -11 -10 -9 -8 -7 -6 -5 -4 -3 -2 -1 0 1 2 3 
-14 -13 -12 -11 -10 -9 -8 -7 -6 -5 -4 -3 -2 -1 0 1 2 
-15 -14 -13 -12 -11 -10 -9 -8 -7 -6 -5 -4 -3 -2 -1 0 1 
-16 -15 -14 -13 -12 -11 -10 -9 -8 -7 -6 -5 -4 -3 -2 -1 0 

01:33:07 INFO  Runner main - Program has started
01:33:07 DEBUG Controller execute - started
01:33:07 DEBUG Reader readCommand - started
01:33:10 DEBUG Reader readCommand - return value is CYCLIC_BARRIER
01:33:10 DEBUG Printer printMatrix - started
01:33:10 DEBUG Printer printMatrix - parameter is Matrix : 17x17
0 1 2 3 4 5 6 7 8 9 10 11 12 13 14 15 16 
-1 0 1 2 3 4 5 6 7 8 9 10 11 12 13 14 15 
-2 -1 0 1 2 3 4 5 6 7 8 9 10 11 12 13 14 
-3 -2 -1 0 1 2 3 4 5 6 7 8 9 10 11 12 13 
-4 -3 -2 -1 0 1 2 3 4 5 6 7 8 9 10 11 12 
-5 -4 -3 -2 -1 0 1 2 3 4 5 6 7 8 9 10 11 
-6 -5 -4 -3 -2 -1 0 1 2 3 4 5 6 7 8 9 10 
-7 -6 -5 -4 -3 -2 -1 0 1 2 3 4 5 6 7 8 9 
-8 -7 -6 -5 -4 -3 -2 -1 0 1 2 3 4 5 6 7 8 
-9 -8 -7 -6 -5 -4 -3 -2 -1 0 1 2 3 4 5 6 7 
-10 -9 -8 -7 -6 -5 -4 -3 -2 -1 0 1 2 3 4 5 6 
-11 -10 -9 -8 -7 -6 -5 -4 -3 -2 -1 0 1 2 3 4 5 
-12 -11 -10 -9 -8 -7 -6 -5 -4 -3 -2 -1 0 1 2 3 4 
-13 -12 -11 -10 -9 -8 -7 -6 -5 -4 -3 -2 -1 0 1 2 3 
-14 -13 -12 -11 -10 -9 -8 -7 -6 -5 -4 -3 -2 -1 0 1 2 
-15 -14 -13 -12 -11 -10 -9 -8 -7 -6 -5 -4 -3 -2 -1 0 1 
-16 -15 -14 -13 -12 -11 -10 -9 -8 -7 -6 -5 -4 -3 -2 -1 0 

01:33:32 INFO  Runner main - Program has started
01:33:32 DEBUG Controller execute - started
01:33:32 DEBUG Reader readCommand - started
01:33:34 DEBUG Reader readCommand - return value is CYCLIC_BARRIER
01:33:34 DEBUG Printer printMatrix - started
01:33:34 DEBUG Printer printMatrix - parameter is Matrix : 17x17
0 1 2 3 4 5 6 7 8 9 10 11 12 13 14 15 16 
-1 0 1 2 3 4 5 6 7 8 9 10 11 12 13 14 15 
-2 -1 0 1 2 3 4 5 6 7 8 9 10 11 12 13 14 
-3 -2 -1 0 1 2 3 4 5 6 7 8 9 10 11 12 13 
-4 -3 -2 -1 0 1 2 3 4 5 6 7 8 9 10 11 12 
-5 -4 -3 -2 -1 0 1 2 3 4 5 6 7 8 9 10 11 
-6 -5 -4 -3 -2 -1 0 1 2 3 4 5 6 7 8 9 10 
-7 -6 -5 -4 -3 -2 -1 0 1 2 3 4 5 6 7 8 9 
-8 -7 -6 -5 -4 -3 -2 -1 0 1 2 3 4 5 6 7 8 
-9 -8 -7 -6 -5 -4 -3 -2 -1 0 1 2 3 4 5 6 7 
-10 -9 -8 -7 -6 -5 -4 -3 -2 -1 0 1 2 3 4 5 6 
-11 -10 -9 -8 -7 -6 -5 -4 -3 -2 -1 0 1 2 3 4 5 
-12 -11 -10 -9 -8 -7 -6 -5 -4 -3 -2 -1 0 1 2 3 4 
-13 -12 -11 -10 -9 -8 -7 -6 -5 -4 -3 -2 -1 0 1 2 3 
-14 -13 -12 -11 -10 -9 -8 -7 -6 -5 -4 -3 -2 -1 0 1 2 
-15 -14 -13 -12 -11 -10 -9 -8 -7 -6 -5 -4 -3 -2 -1 0 1 
-16 -15 -14 -13 -12 -11 -10 -9 -8 -7 -6 -5 -4 -3 -2 -1 0 

01:34:32 INFO  Runner main - Program has started
01:34:32 DEBUG Controller execute - started
01:34:32 DEBUG Reader readCommand - started
01:34:34 DEBUG Reader readCommand - return value is CYCLIC_BARRIER
01:34:34 DEBUG Printer printMatrix - started
01:34:34 DEBUG Printer printMatrix - parameter is Matrix : 17x17
0 1 2 3 4 5 6 7 8 9 10 11 12 13 14 15 16 
-1 0 1 2 3 4 5 6 7 8 9 10 11 12 13 14 15 
-2 -1 0 1 2 3 4 5 6 7 8 9 10 11 12 13 14 
-3 -2 -1 0 1 2 3 4 5 6 7 8 9 10 11 12 13 
-4 -3 -2 -1 0 1 2 3 4 5 6 7 8 9 10 11 12 
-5 -4 -3 -2 -1 0 1 2 3 4 5 6 7 8 9 10 11 
-6 -5 -4 -3 -2 -1 0 1 2 3 4 5 6 7 8 9 10 
-7 -6 -5 -4 -3 -2 -1 0 1 2 3 4 5 6 7 8 9 
-8 -7 -6 -5 -4 -3 -2 -1 0 1 2 3 4 5 6 7 8 
-9 -8 -7 -6 -5 -4 -3 -2 -1 0 1 2 3 4 5 6 7 
-10 -9 -8 -7 -6 -5 -4 -3 -2 -1 0 1 2 3 4 5 6 
-11 -10 -9 -8 -7 -6 -5 -4 -3 -2 -1 0 1 2 3 4 5 
-12 -11 -10 -9 -8 -7 -6 -5 -4 -3 -2 -1 0 1 2 3 4 
-13 -12 -11 -10 -9 -8 -7 -6 -5 -4 -3 -2 -1 0 1 2 3 
-14 -13 -12 -11 -10 -9 -8 -7 -6 -5 -4 -3 -2 -1 0 1 2 
-15 -14 -13 -12 -11 -10 -9 -8 -7 -6 -5 -4 -3 -2 -1 0 1 
-16 -15 -14 -13 -12 -11 -10 -9 -8 -7 -6 -5 -4 -3 -2 -1 0 

01:35:25 INFO  Runner main - Program has started
01:35:25 DEBUG Controller execute - started
01:35:25 DEBUG Reader readCommand - started
01:35:27 DEBUG Reader readCommand - return value is phaser
01:35:27 DEBUG Printer printMatrix - started
01:35:27 DEBUG Printer printMatrix - parameter is Matrix : 17x17
0 1 2 3 4 5 6 7 8 9 10 11 12 13 14 15 16 
-1 0 1 2 3 4 5 6 7 8 9 10 11 12 13 14 15 
-2 -1 0 1 2 3 4 5 6 7 8 9 10 11 12 13 14 
-3 -2 -1 0 1 2 3 4 5 6 7 8 9 10 11 12 13 
-4 -3 -2 -1 0 1 2 3 4 5 6 7 8 9 10 11 12 
-5 -4 -3 -2 -1 0 1 2 3 4 5 6 7 8 9 10 11 
-6 -5 -4 -3 -2 -1 0 1 2 3 4 5 6 7 8 9 10 
-7 -6 -5 -4 -3 -2 -1 0 1 2 3 4 5 6 7 8 9 
-8 -7 -6 -5 -4 -3 -2 -1 0 1 2 3 4 5 6 7 8 
-9 -8 -7 -6 -5 -4 -3 -2 -1 0 1 2 3 4 5 6 7 
-10 -9 -8 -7 -6 -5 -4 -3 -2 -1 0 1 2 3 4 5 6 
-11 -10 -9 -8 -7 -6 -5 -4 -3 -2 -1 0 1 2 3 4 5 
-12 -11 -10 -9 -8 -7 -6 -5 -4 -3 -2 -1 0 1 2 3 4 
-13 -12 -11 -10 -9 -8 -7 -6 -5 -4 -3 -2 -1 0 1 2 3 
-14 -13 -12 -11 -10 -9 -8 -7 -6 -5 -4 -3 -2 -1 0 1 2 
-15 -14 -13 -12 -11 -10 -9 -8 -7 -6 -5 -4 -3 -2 -1 0 1 
-16 -15 -14 -13 -12 -11 -10 -9 -8 -7 -6 -5 -4 -3 -2 -1 0 

01:39:37 INFO  Runner main - Program has started
01:39:37 DEBUG Controller execute - started
01:39:37 DEBUG Reader readCommand - started
01:39:38 DEBUG Reader readCommand - return value is CYCLIC_BARRIER
01:39:38 DEBUG Printer printMatrix - started
01:39:38 DEBUG Printer printMatrix - parameter is Matrix : 17x17
0 1 2 3 4 5 6 7 8 9 10 11 12 13 14 15 16 
-1 0 1 2 3 4 5 6 7 8 9 10 11 12 13 14 15 
-2 -1 0 1 2 3 4 5 6 7 8 9 10 11 12 13 14 
-3 -2 -1 0 1 2 3 4 5 6 7 8 9 10 11 12 13 
-4 -3 -2 -1 0 1 2 3 4 5 6 7 8 9 10 11 12 
-5 -4 -3 -2 -1 0 1 2 3 4 5 6 7 8 9 10 11 
-6 -5 -4 -3 -2 -1 0 1 2 3 4 5 6 7 8 9 10 
-7 -6 -5 -4 -3 -2 -1 0 1 2 3 4 5 6 7 8 9 
-8 -7 -6 -5 -4 -3 -2 -1 0 1 2 3 4 5 6 7 8 
-9 -8 -7 -6 -5 -4 -3 -2 -1 0 1 2 3 4 5 6 7 
-10 -9 -8 -7 -6 -5 -4 -3 -2 -1 0 1 2 3 4 5 6 
-11 -10 -9 -8 -7 -6 -5 -4 -3 -2 -1 0 1 2 3 4 5 
-12 -11 -10 -9 -8 -7 -6 -5 -4 -3 -2 -1 0 1 2 3 4 
-13 -12 -11 -10 -9 -8 -7 -6 -5 -4 -3 -2 -1 0 1 2 3 
-14 -13 -12 -11 -10 -9 -8 -7 -6 -5 -4 -3 -2 -1 0 1 2 
-15 -14 -13 -12 -11 -10 -9 -8 -7 -6 -5 -4 -3 -2 -1 0 1 
-16 -15 -14 -13 -12 -11 -10 -9 -8 -7 -6 -5 -4 -3 -2 -1 0 

01:40:25 INFO  Runner main - Program has started
01:40:25 DEBUG Controller execute - started
01:40:25 DEBUG Reader readCommand - started
01:40:27 DEBUG Reader readCommand - return value is CYCLIC_BARRIER
01:40:27 DEBUG Printer printMatrix - started
01:40:27 DEBUG Printer printMatrix - parameter is Matrix : 17x17
11 1 2 3 4 5 6 7 8 9 10 11 12 13 14 15 16 
-1 22 1 2 3 4 5 6 7 8 9 10 11 12 13 14 15 
-2 -1 75 1 2 3 4 5 6 7 8 9 10 11 12 13 14 
-3 -2 -1 85 1 2 3 4 5 6 7 8 9 10 11 12 13 
-4 -3 -2 -1 44 1 2 3 4 5 6 7 8 9 10 11 12 
-5 -4 -3 -2 -1 65 1 2 3 4 5 6 7 8 9 10 11 
-6 -5 -4 -3 -2 -1 55 1 2 3 4 5 6 7 8 9 10 
-7 -6 -5 -4 -3 -2 -1 33 1 2 3 4 5 6 7 8 9 
-8 -7 -6 -5 -4 -3 -2 -1 95 1 2 3 4 5 6 7 8 
-9 -8 -7 -6 -5 -4 -3 -2 -1 115 1 2 3 4 5 6 7 
-10 -9 -8 -7 -6 -5 -4 -3 -2 -1 105 1 2 3 4 5 6 
-11 -10 -9 -8 -7 -6 -5 -4 -3 -2 -1 125 1 2 3 4 5 
-12 -11 -10 -9 -8 -7 -6 -5 -4 -3 -2 -1 135 1 2 3 4 
-13 -12 -11 -10 -9 -8 -7 -6 -5 -4 -3 -2 -1 145 1 2 3 
-14 -13 -12 -11 -10 -9 -8 -7 -6 -5 -4 -3 -2 -1 155 1 2 
-15 -14 -13 -12 -11 -10 -9 -8 -7 -6 -5 -4 -3 -2 -1 165 1 
-16 -15 -14 -13 -12 -11 -10 -9 -8 -7 -6 -5 -4 -3 -2 -1 175 

01:40:29 DEBUG Controller execute - started
01:40:29 DEBUG Reader readCommand - started
01:40:29 DEBUG Reader readCommand - return value is CYCLIC_BARRIER
01:40:29 DEBUG Printer printMatrix - started
01:40:29 DEBUG Printer printMatrix - parameter is Matrix : 17x17
0 1 2 3 4 5 6 7 8 9 10 11 12 13 14 15 16 
-1 0 1 2 3 4 5 6 7 8 9 10 11 12 13 14 15 
-2 -1 0 1 2 3 4 5 6 7 8 9 10 11 12 13 14 
-3 -2 -1 0 1 2 3 4 5 6 7 8 9 10 11 12 13 
-4 -3 -2 -1 0 1 2 3 4 5 6 7 8 9 10 11 12 
-5 -4 -3 -2 -1 0 1 2 3 4 5 6 7 8 9 10 11 
-6 -5 -4 -3 -2 -1 0 1 2 3 4 5 6 7 8 9 10 
-7 -6 -5 -4 -3 -2 -1 0 1 2 3 4 5 6 7 8 9 
-8 -7 -6 -5 -4 -3 -2 -1 0 1 2 3 4 5 6 7 8 
-9 -8 -7 -6 -5 -4 -3 -2 -1 0 1 2 3 4 5 6 7 
-10 -9 -8 -7 -6 -5 -4 -3 -2 -1 0 1 2 3 4 5 6 
-11 -10 -9 -8 -7 -6 -5 -4 -3 -2 -1 0 1 2 3 4 5 
-12 -11 -10 -9 -8 -7 -6 -5 -4 -3 -2 -1 0 1 2 3 4 
-13 -12 -11 -10 -9 -8 -7 -6 -5 -4 -3 -2 -1 0 1 2 3 
-14 -13 -12 -11 -10 -9 -8 -7 -6 -5 -4 -3 -2 -1 0 1 2 
-15 -14 -13 -12 -11 -10 -9 -8 -7 -6 -5 -4 -3 -2 -1 0 1 
-16 -15 -14 -13 -12 -11 -10 -9 -8 -7 -6 -5 -4 -3 -2 -1 0 

01:41:24 DEBUG Controller execute - started
01:41:24 DEBUG Reader readCommand - started
01:41:25 DEBUG Reader readCommand - return value is CYCLIC_BARRIER
01:41:25 DEBUG Printer printMatrix - started
01:41:25 DEBUG Printer printMatrix - parameter is Matrix : 17x17
0 1 2 3 4 5 6 7 8 9 10 11 12 13 14 15 16 
-1 0 1 2 3 4 5 6 7 8 9 10 11 12 13 14 15 
-2 -1 0 1 2 3 4 5 6 7 8 9 10 11 12 13 14 
-3 -2 -1 0 1 2 3 4 5 6 7 8 9 10 11 12 13 
-4 -3 -2 -1 0 1 2 3 4 5 6 7 8 9 10 11 12 
-5 -4 -3 -2 -1 0 1 2 3 4 5 6 7 8 9 10 11 
-6 -5 -4 -3 -2 -1 0 1 2 3 4 5 6 7 8 9 10 
-7 -6 -5 -4 -3 -2 -1 0 1 2 3 4 5 6 7 8 9 
-8 -7 -6 -5 -4 -3 -2 -1 0 1 2 3 4 5 6 7 8 
-9 -8 -7 -6 -5 -4 -3 -2 -1 0 1 2 3 4 5 6 7 
-10 -9 -8 -7 -6 -5 -4 -3 -2 -1 0 1 2 3 4 5 6 
-11 -10 -9 -8 -7 -6 -5 -4 -3 -2 -1 0 1 2 3 4 5 
-12 -11 -10 -9 -8 -7 -6 -5 -4 -3 -2 -1 0 1 2 3 4 
-13 -12 -11 -10 -9 -8 -7 -6 -5 -4 -3 -2 -1 0 1 2 3 
-14 -13 -12 -11 -10 -9 -8 -7 -6 -5 -4 -3 -2 -1 0 1 2 
-15 -14 -13 -12 -11 -10 -9 -8 -7 -6 -5 -4 -3 -2 -1 0 1 
-16 -15 -14 -13 -12 -11 -10 -9 -8 -7 -6 -5 -4 -3 -2 -1 0 

01:41:25 DEBUG Controller execute - started
01:41:25 DEBUG Reader readCommand - started
01:42:15 INFO  Runner main - Program has started
01:42:15 DEBUG Controller execute - started
01:42:15 DEBUG Reader readCommand - started
01:42:16 DEBUG Reader readCommand - return value is CYCLIC_BARRIER
01:42:16 DEBUG Printer printMatrix - started
01:42:16 DEBUG Printer printMatrix - parameter is Matrix : 17x17
11 1 2 3 4 5 6 7 8 9 10 11 12 13 14 15 16 
-1 75 1 2 3 4 5 6 7 8 9 10 11 12 13 14 15 
-2 -1 33 1 2 3 4 5 6 7 8 9 10 11 12 13 14 
-3 -2 -1 65 1 2 3 4 5 6 7 8 9 10 11 12 13 
-4 -3 -2 -1 22 1 2 3 4 5 6 7 8 9 10 11 12 
-5 -4 -3 -2 -1 85 1 2 3 4 5 6 7 8 9 10 11 
-6 -5 -4 -3 -2 -1 55 1 2 3 4 5 6 7 8 9 10 
-7 -6 -5 -4 -3 -2 -1 44 1 2 3 4 5 6 7 8 9 
-8 -7 -6 -5 -4 -3 -2 -1 95 1 2 3 4 5 6 7 8 
-9 -8 -7 -6 -5 -4 -3 -2 -1 115 1 2 3 4 5 6 7 
-10 -9 -8 -7 -6 -5 -4 -3 -2 -1 125 1 2 3 4 5 6 
-11 -10 -9 -8 -7 -6 -5 -4 -3 -2 -1 105 1 2 3 4 5 
-12 -11 -10 -9 -8 -7 -6 -5 -4 -3 -2 -1 135 1 2 3 4 
-13 -12 -11 -10 -9 -8 -7 -6 -5 -4 -3 -2 -1 145 1 2 3 
-14 -13 -12 -11 -10 -9 -8 -7 -6 -5 -4 -3 -2 -1 165 1 2 
-15 -14 -13 -12 -11 -10 -9 -8 -7 -6 -5 -4 -3 -2 -1 155 1 
-16 -15 -14 -13 -12 -11 -10 -9 -8 -7 -6 -5 -4 -3 -2 -1 175 

01:42:22 DEBUG Controller execute - started
01:42:22 DEBUG Reader readCommand - started
01:42:23 DEBUG Reader readCommand - return value is CYCLIC_BARRIER
01:42:23 DEBUG Printer printMatrix - started
01:42:23 DEBUG Printer printMatrix - parameter is Matrix : 17x17
0 1 2 3 4 5 6 7 8 9 10 11 12 13 14 15 16 
-1 0 1 2 3 4 5 6 7 8 9 10 11 12 13 14 15 
-2 -1 0 1 2 3 4 5 6 7 8 9 10 11 12 13 14 
-3 -2 -1 0 1 2 3 4 5 6 7 8 9 10 11 12 13 
-4 -3 -2 -1 0 1 2 3 4 5 6 7 8 9 10 11 12 
-5 -4 -3 -2 -1 0 1 2 3 4 5 6 7 8 9 10 11 
-6 -5 -4 -3 -2 -1 0 1 2 3 4 5 6 7 8 9 10 
-7 -6 -5 -4 -3 -2 -1 0 1 2 3 4 5 6 7 8 9 
-8 -7 -6 -5 -4 -3 -2 -1 0 1 2 3 4 5 6 7 8 
-9 -8 -7 -6 -5 -4 -3 -2 -1 0 1 2 3 4 5 6 7 
-10 -9 -8 -7 -6 -5 -4 -3 -2 -1 0 1 2 3 4 5 6 
-11 -10 -9 -8 -7 -6 -5 -4 -3 -2 -1 0 1 2 3 4 5 
-12 -11 -10 -9 -8 -7 -6 -5 -4 -3 -2 -1 0 1 2 3 4 
-13 -12 -11 -10 -9 -8 -7 -6 -5 -4 -3 -2 -1 0 1 2 3 
-14 -13 -12 -11 -10 -9 -8 -7 -6 -5 -4 -3 -2 -1 0 1 2 
-15 -14 -13 -12 -11 -10 -9 -8 -7 -6 -5 -4 -3 -2 -1 0 1 
-16 -15 -14 -13 -12 -11 -10 -9 -8 -7 -6 -5 -4 -3 -2 -1 0 

01:42:23 DEBUG Controller execute - started
01:42:23 DEBUG Reader readCommand - started
01:45:15 INFO  Runner main - Program has started
01:45:17 DEBUG Controller execute - started
01:45:18 DEBUG Reader readCommand - started
01:45:23 DEBUG Reader readCommand - return value is CYCLIC_BARRIER
01:45:48 DEBUG Printer printMatrix - started
01:45:48 DEBUG Printer printMatrix - parameter is Matrix : 17x17
11 1 2 3 4 5 6 7 8 9 10 11 12 13 14 15 16 
-1 75 1 2 3 4 5 6 7 8 9 10 11 12 13 14 15 
-2 -1 22 1 2 3 4 5 6 7 8 9 10 11 12 13 14 
-3 -2 -1 33 1 2 3 4 5 6 7 8 9 10 11 12 13 
-4 -3 -2 -1 65 1 2 3 4 5 6 7 8 9 10 11 12 
-5 -4 -3 -2 -1 55 1 2 3 4 5 6 7 8 9 10 11 
-6 -5 -4 -3 -2 -1 44 1 2 3 4 5 6 7 8 9 10 
-7 -6 -5 -4 -3 -2 -1 85 1 2 3 4 5 6 7 8 9 
-8 -7 -6 -5 -4 -3 -2 -1 95 1 2 3 4 5 6 7 8 
-9 -8 -7 -6 -5 -4 -3 -2 -1 105 1 2 3 4 5 6 7 
-10 -9 -8 -7 -6 -5 -4 -3 -2 -1 115 1 2 3 4 5 6 
-11 -10 -9 -8 -7 -6 -5 -4 -3 -2 -1 125 1 2 3 4 5 
-12 -11 -10 -9 -8 -7 -6 -5 -4 -3 -2 -1 135 1 2 3 4 
-13 -12 -11 -10 -9 -8 -7 -6 -5 -4 -3 -2 -1 145 1 2 3 
-14 -13 -12 -11 -10 -9 -8 -7 -6 -5 -4 -3 -2 -1 155 1 2 
-15 -14 -13 -12 -11 -10 -9 -8 -7 -6 -5 -4 -3 -2 -1 165 1 
-16 -15 -14 -13 -12 -11 -10 -9 -8 -7 -6 -5 -4 -3 -2 -1 175 

01:46:19 INFO  Runner main - Program has started
01:46:19 DEBUG Controller execute - started
01:46:22 INFO  Runner main - Program has started
01:46:24 DEBUG Controller execute - started
01:46:24 DEBUG Reader readCommand - started
01:46:27 DEBUG Reader readCommand - return value is CYCLIC_BARRIER
01:46:30 DEBUG Printer printMatrix - started
01:46:30 DEBUG Printer printMatrix - parameter is Matrix : 17x17
11 1 2 3 4 5 6 7 8 9 10 11 12 13 14 15 16 
-1 65 1 2 3 4 5 6 7 8 9 10 11 12 13 14 15 
-2 -1 75 1 2 3 4 5 6 7 8 9 10 11 12 13 14 
-3 -2 -1 22 1 2 3 4 5 6 7 8 9 10 11 12 13 
-4 -3 -2 -1 85 1 2 3 4 5 6 7 8 9 10 11 12 
-5 -4 -3 -2 -1 55 1 2 3 4 5 6 7 8 9 10 11 
-6 -5 -4 -3 -2 -1 44 1 2 3 4 5 6 7 8 9 10 
-7 -6 -5 -4 -3 -2 -1 33 1 2 3 4 5 6 7 8 9 
-8 -7 -6 -5 -4 -3 -2 -1 95 1 2 3 4 5 6 7 8 
-9 -8 -7 -6 -5 -4 -3 -2 -1 105 1 2 3 4 5 6 7 
-10 -9 -8 -7 -6 -5 -4 -3 -2 -1 115 1 2 3 4 5 6 
-11 -10 -9 -8 -7 -6 -5 -4 -3 -2 -1 125 1 2 3 4 5 
-12 -11 -10 -9 -8 -7 -6 -5 -4 -3 -2 -1 135 1 2 3 4 
-13 -12 -11 -10 -9 -8 -7 -6 -5 -4 -3 -2 -1 145 1 2 3 
-14 -13 -12 -11 -10 -9 -8 -7 -6 -5 -4 -3 -2 -1 155 1 2 
-15 -14 -13 -12 -11 -10 -9 -8 -7 -6 -5 -4 -3 -2 -1 175 1 
-16 -15 -14 -13 -12 -11 -10 -9 -8 -7 -6 -5 -4 -3 -2 -1 165 

01:46:42 DEBUG Controller execute - started
01:46:43 DEBUG Reader readCommand - started
01:46:43 DEBUG Reader readCommand - return value is 
01:47:10 INFO  Runner main - Program has started
01:47:12 DEBUG Controller execute - started
01:47:12 DEBUG Reader readCommand - started
01:47:14 DEBUG Reader readCommand - return value is CYCLIC_BARRIER
01:47:19 DEBUG Printer printMatrix - started
01:47:19 DEBUG Printer printMatrix - parameter is Matrix : 17x17
22 1 2 3 4 5 6 7 8 9 10 11 12 13 14 15 16 
-1 65 1 2 3 4 5 6 7 8 9 10 11 12 13 14 15 
-2 -1 85 1 2 3 4 5 6 7 8 9 10 11 12 13 14 
-3 -2 -1 33 1 2 3 4 5 6 7 8 9 10 11 12 13 
-4 -3 -2 -1 44 1 2 3 4 5 6 7 8 9 10 11 12 
-5 -4 -3 -2 -1 75 1 2 3 4 5 6 7 8 9 10 11 
-6 -5 -4 -3 -2 -1 55 1 2 3 4 5 6 7 8 9 10 
-7 -6 -5 -4 -3 -2 -1 95 1 2 3 4 5 6 7 8 9 
-8 -7 -6 -5 -4 -3 -2 -1 105 1 2 3 4 5 6 7 8 
-9 -8 -7 -6 -5 -4 -3 -2 -1 115 1 2 3 4 5 6 7 
-10 -9 -8 -7 -6 -5 -4 -3 -2 -1 125 1 2 3 4 5 6 
-11 -10 -9 -8 -7 -6 -5 -4 -3 -2 -1 135 1 2 3 4 5 
-12 -11 -10 -9 -8 -7 -6 -5 -4 -3 -2 -1 155 1 2 3 4 
-13 -12 -11 -10 -9 -8 -7 -6 -5 -4 -3 -2 -1 145 1 2 3 
-14 -13 -12 -11 -10 -9 -8 -7 -6 -5 -4 -3 -2 -1 165 1 2 
-15 -14 -13 -12 -11 -10 -9 -8 -7 -6 -5 -4 -3 -2 -1 175 1 
-16 -15 -14 -13 -12 -11 -10 -9 -8 -7 -6 -5 -4 -3 -2 -1 185 

01:47:29 DEBUG Controller execute - started
01:47:30 DEBUG Reader readCommand - started
01:47:34 DEBUG Reader readCommand - return value is CYCLIC_BARRIER
01:48:36 DEBUG Printer printMatrix - started
01:48:36 DEBUG Printer printMatrix - parameter is Matrix : 17x17
0 1 2 3 4 5 6 7 8 9 10 11 12 13 14 15 16 
-1 0 1 2 3 4 5 6 7 8 9 10 11 12 13 14 15 
-2 -1 0 1 2 3 4 5 6 7 8 9 10 11 12 13 14 
-3 -2 -1 0 1 2 3 4 5 6 7 8 9 10 11 12 13 
-4 -3 -2 -1 0 1 2 3 4 5 6 7 8 9 10 11 12 
-5 -4 -3 -2 -1 0 1 2 3 4 5 6 7 8 9 10 11 
-6 -5 -4 -3 -2 -1 0 1 2 3 4 5 6 7 8 9 10 
-7 -6 -5 -4 -3 -2 -1 0 1 2 3 4 5 6 7 8 9 
-8 -7 -6 -5 -4 -3 -2 -1 0 1 2 3 4 5 6 7 8 
-9 -8 -7 -6 -5 -4 -3 -2 -1 0 1 2 3 4 5 6 7 
-10 -9 -8 -7 -6 -5 -4 -3 -2 -1 0 1 2 3 4 5 6 
-11 -10 -9 -8 -7 -6 -5 -4 -3 -2 -1 0 1 2 3 4 5 
-12 -11 -10 -9 -8 -7 -6 -5 -4 -3 -2 -1 0 1 2 3 4 
-13 -12 -11 -10 -9 -8 -7 -6 -5 -4 -3 -2 -1 0 1 2 3 
-14 -13 -12 -11 -10 -9 -8 -7 -6 -5 -4 -3 -2 -1 0 1 2 
-15 -14 -13 -12 -11 -10 -9 -8 -7 -6 -5 -4 -3 -2 -1 0 1 
-16 -15 -14 -13 -12 -11 -10 -9 -8 -7 -6 -5 -4 -3 -2 -1 0 

01:48:39 INFO  Runner main - Program has started
01:48:39 DEBUG Controller execute - started
01:48:39 DEBUG Reader readCommand - started
01:48:42 DEBUG Reader readCommand - return value is COUNT_DOWN_LATCH
01:48:42 DEBUG Printer printMatrix - started
01:48:42 DEBUG Printer printMatrix - parameter is Matrix : 17x17
11 1 2 3 4 5 6 7 8 9 10 11 12 13 14 15 16 
-1 55 1 2 3 4 5 6 7 8 9 10 11 12 13 14 15 
-2 -1 33 1 2 3 4 5 6 7 8 9 10 11 12 13 14 
-3 -2 -1 44 1 2 3 4 5 6 7 8 9 10 11 12 13 
-4 -3 -2 -1 22 1 2 3 4 5 6 7 8 9 10 11 12 
-5 -4 -3 -2 -1 65 1 2 3 4 5 6 7 8 9 10 11 
-6 -5 -4 -3 -2 -1 75 1 2 3 4 5 6 7 8 9 10 
-7 -6 -5 -4 -3 -2 -1 85 1 2 3 4 5 6 7 8 9 
-8 -7 -6 -5 -4 -3 -2 -1 95 1 2 3 4 5 6 7 8 
-9 -8 -7 -6 -5 -4 -3 -2 -1 165 1 2 3 4 5 6 7 
-10 -9 -8 -7 -6 -5 -4 -3 -2 -1 155 1 2 3 4 5 6 
-11 -10 -9 -8 -7 -6 -5 -4 -3 -2 -1 145 1 2 3 4 5 
-12 -11 -10 -9 -8 -7 -6 -5 -4 -3 -2 -1 125 1 2 3 4 
-13 -12 -11 -10 -9 -8 -7 -6 -5 -4 -3 -2 -1 135 1 2 3 
-14 -13 -12 -11 -10 -9 -8 -7 -6 -5 -4 -3 -2 -1 115 1 2 
-15 -14 -13 -12 -11 -10 -9 -8 -7 -6 -5 -4 -3 -2 -1 105 1 
-16 -15 -14 -13 -12 -11 -10 -9 -8 -7 -6 -5 -4 -3 -2 -1 175 

01:48:44 DEBUG Controller execute - started
01:48:44 DEBUG Reader readCommand - started
01:48:45 DEBUG Reader readCommand - return value is COUNT_DOWN_LATCH
01:48:45 DEBUG Printer printMatrix - started
01:48:45 DEBUG Printer printMatrix - parameter is Matrix : 17x17
0 1 2 3 4 5 6 7 8 9 10 11 12 13 14 15 16 
-1 0 1 2 3 4 5 6 7 8 9 10 11 12 13 14 15 
-2 -1 0 1 2 3 4 5 6 7 8 9 10 11 12 13 14 
-3 -2 -1 0 1 2 3 4 5 6 7 8 9 10 11 12 13 
-4 -3 -2 -1 0 1 2 3 4 5 6 7 8 9 10 11 12 
-5 -4 -3 -2 -1 0 1 2 3 4 5 6 7 8 9 10 11 
-6 -5 -4 -3 -2 -1 0 1 2 3 4 5 6 7 8 9 10 
-7 -6 -5 -4 -3 -2 -1 0 1 2 3 4 5 6 7 8 9 
-8 -7 -6 -5 -4 -3 -2 -1 0 1 2 3 4 5 6 7 8 
-9 -8 -7 -6 -5 -4 -3 -2 -1 0 1 2 3 4 5 6 7 
-10 -9 -8 -7 -6 -5 -4 -3 -2 -1 0 1 2 3 4 5 6 
-11 -10 -9 -8 -7 -6 -5 -4 -3 -2 -1 0 1 2 3 4 5 
-12 -11 -10 -9 -8 -7 -6 -5 -4 -3 -2 -1 0 1 2 3 4 
-13 -12 -11 -10 -9 -8 -7 -6 -5 -4 -3 -2 -1 0 1 2 3 
-14 -13 -12 -11 -10 -9 -8 -7 -6 -5 -4 -3 -2 -1 0 1 2 
-15 -14 -13 -12 -11 -10 -9 -8 -7 -6 -5 -4 -3 -2 -1 0 1 
-16 -15 -14 -13 -12 -11 -10 -9 -8 -7 -6 -5 -4 -3 -2 -1 0 

01:48:48 DEBUG Controller execute - started
01:48:48 DEBUG Reader readCommand - started
01:48:53 DEBUG Reader readCommand - return value is CYCLIC_BARRIER
01:48:53 DEBUG Printer printMatrix - started
01:48:53 DEBUG Printer printMatrix - parameter is Matrix : 17x17
0 1 2 3 4 5 6 7 8 9 10 11 12 13 14 15 16 
-1 0 1 2 3 4 5 6 7 8 9 10 11 12 13 14 15 
-2 -1 0 1 2 3 4 5 6 7 8 9 10 11 12 13 14 
-3 -2 -1 0 1 2 3 4 5 6 7 8 9 10 11 12 13 
-4 -3 -2 -1 0 1 2 3 4 5 6 7 8 9 10 11 12 
-5 -4 -3 -2 -1 0 1 2 3 4 5 6 7 8 9 10 11 
-6 -5 -4 -3 -2 -1 0 1 2 3 4 5 6 7 8 9 10 
-7 -6 -5 -4 -3 -2 -1 0 1 2 3 4 5 6 7 8 9 
-8 -7 -6 -5 -4 -3 -2 -1 0 1 2 3 4 5 6 7 8 
-9 -8 -7 -6 -5 -4 -3 -2 -1 0 1 2 3 4 5 6 7 
-10 -9 -8 -7 -6 -5 -4 -3 -2 -1 0 1 2 3 4 5 6 
-11 -10 -9 -8 -7 -6 -5 -4 -3 -2 -1 0 1 2 3 4 5 
-12 -11 -10 -9 -8 -7 -6 -5 -4 -3 -2 -1 0 1 2 3 4 
-13 -12 -11 -10 -9 -8 -7 -6 -5 -4 -3 -2 -1 0 1 2 3 
-14 -13 -12 -11 -10 -9 -8 -7 -6 -5 -4 -3 -2 -1 0 1 2 
-15 -14 -13 -12 -11 -10 -9 -8 -7 -6 -5 -4 -3 -2 -1 0 1 
-16 -15 -14 -13 -12 -11 -10 -9 -8 -7 -6 -5 -4 -3 -2 -1 0 

01:50:04 INFO  Runner main - Program has started
01:50:04 DEBUG Controller execute - started
01:50:04 DEBUG Reader readCommand - started
01:50:06 DEBUG Reader readCommand - return value is phaser
01:50:06 DEBUG Printer printMatrix - started
01:50:06 DEBUG Printer printMatrix - parameter is Matrix : 17x17
11 1 2 3 4 5 6 7 8 9 10 11 12 13 14 15 16 
-1 22 1 2 3 4 5 6 7 8 9 10 11 12 13 14 15 
-2 -1 33 1 2 3 4 5 6 7 8 9 10 11 12 13 14 
-3 -2 -1 44 1 2 3 4 5 6 7 8 9 10 11 12 13 
-4 -3 -2 -1 55 1 2 3 4 5 6 7 8 9 10 11 12 
-5 -4 -3 -2 -1 65 1 2 3 4 5 6 7 8 9 10 11 
-6 -5 -4 -3 -2 -1 75 1 2 3 4 5 6 7 8 9 10 
-7 -6 -5 -4 -3 -2 -1 85 1 2 3 4 5 6 7 8 9 
-8 -7 -6 -5 -4 -3 -2 -1 95 1 2 3 4 5 6 7 8 
-9 -8 -7 -6 -5 -4 -3 -2 -1 105 1 2 3 4 5 6 7 
-10 -9 -8 -7 -6 -5 -4 -3 -2 -1 115 1 2 3 4 5 6 
-11 -10 -9 -8 -7 -6 -5 -4 -3 -2 -1 125 1 2 3 4 5 
-12 -11 -10 -9 -8 -7 -6 -5 -4 -3 -2 -1 135 1 2 3 4 
-13 -12 -11 -10 -9 -8 -7 -6 -5 -4 -3 -2 -1 145 1 2 3 
-14 -13 -12 -11 -10 -9 -8 -7 -6 -5 -4 -3 -2 -1 155 1 2 
-15 -14 -13 -12 -11 -10 -9 -8 -7 -6 -5 -4 -3 -2 -1 165 1 
-16 -15 -14 -13 -12 -11 -10 -9 -8 -7 -6 -5 -4 -3 -2 -1 175 

01:50:08 DEBUG Controller execute - started
01:50:08 DEBUG Reader readCommand - started
01:50:12 DEBUG Reader readCommand - return value is CYCLIC_BARRIER
01:50:12 DEBUG Printer printMatrix - started
01:50:12 DEBUG Printer printMatrix - parameter is Matrix : 17x17
0 1 2 3 4 5 6 7 8 9 10 11 12 13 14 15 16 
-1 0 1 2 3 4 5 6 7 8 9 10 11 12 13 14 15 
-2 -1 0 1 2 3 4 5 6 7 8 9 10 11 12 13 14 
-3 -2 -1 0 1 2 3 4 5 6 7 8 9 10 11 12 13 
-4 -3 -2 -1 0 1 2 3 4 5 6 7 8 9 10 11 12 
-5 -4 -3 -2 -1 0 1 2 3 4 5 6 7 8 9 10 11 
-6 -5 -4 -3 -2 -1 0 1 2 3 4 5 6 7 8 9 10 
-7 -6 -5 -4 -3 -2 -1 0 1 2 3 4 5 6 7 8 9 
-8 -7 -6 -5 -4 -3 -2 -1 0 1 2 3 4 5 6 7 8 
-9 -8 -7 -6 -5 -4 -3 -2 -1 0 1 2 3 4 5 6 7 
-10 -9 -8 -7 -6 -5 -4 -3 -2 -1 0 1 2 3 4 5 6 
-11 -10 -9 -8 -7 -6 -5 -4 -3 -2 -1 0 1 2 3 4 5 
-12 -11 -10 -9 -8 -7 -6 -5 -4 -3 -2 -1 0 1 2 3 4 
-13 -12 -11 -10 -9 -8 -7 -6 -5 -4 -3 -2 -1 0 1 2 3 
-14 -13 -12 -11 -10 -9 -8 -7 -6 -5 -4 -3 -2 -1 0 1 2 
-15 -14 -13 -12 -11 -10 -9 -8 -7 -6 -5 -4 -3 -2 -1 0 1 
-16 -15 -14 -13 -12 -11 -10 -9 -8 -7 -6 -5 -4 -3 -2 -1 0 

01:51:02 INFO  Runner main - Program has started
01:51:02 DEBUG Controller execute - started
01:51:02 DEBUG Reader readCommand - started
01:51:04 DEBUG Reader readCommand - return value is CYCLIC_BARRIER
01:51:04 DEBUG Printer printMatrix - started
01:51:04 DEBUG Printer printMatrix - parameter is Matrix : 17x17
22 1 2 3 4 5 6 7 8 9 10 11 12 13 14 15 16 
-1 85 1 2 3 4 5 6 7 8 9 10 11 12 13 14 15 
-2 -1 33 1 2 3 4 5 6 7 8 9 10 11 12 13 14 
-3 -2 -1 44 1 2 3 4 5 6 7 8 9 10 11 12 13 
-4 -3 -2 -1 55 1 2 3 4 5 6 7 8 9 10 11 12 
-5 -4 -3 -2 -1 75 1 2 3 4 5 6 7 8 9 10 11 
-6 -5 -4 -3 -2 -1 65 1 2 3 4 5 6 7 8 9 10 
-7 -6 -5 -4 -3 -2 -1 11 1 2 3 4 5 6 7 8 9 
-8 -7 -6 -5 -4 -3 -2 -1 95 1 2 3 4 5 6 7 8 
-9 -8 -7 -6 -5 -4 -3 -2 -1 105 1 2 3 4 5 6 7 
-10 -9 -8 -7 -6 -5 -4 -3 -2 -1 115 1 2 3 4 5 6 
-11 -10 -9 -8 -7 -6 -5 -4 -3 -2 -1 125 1 2 3 4 5 
-12 -11 -10 -9 -8 -7 -6 -5 -4 -3 -2 -1 135 1 2 3 4 
-13 -12 -11 -10 -9 -8 -7 -6 -5 -4 -3 -2 -1 145 1 2 3 
-14 -13 -12 -11 -10 -9 -8 -7 -6 -5 -4 -3 -2 -1 155 1 2 
-15 -14 -13 -12 -11 -10 -9 -8 -7 -6 -5 -4 -3 -2 -1 165 1 
-16 -15 -14 -13 -12 -11 -10 -9 -8 -7 -6 -5 -4 -3 -2 -1 175 

01:51:04 INFO  Runner main - Program has finished
01:51:20 INFO  Runner main - Program has started
01:51:20 DEBUG Controller execute - started
01:51:20 DEBUG Reader readCommand - started
01:51:21 DEBUG Reader readCommand - return value is CYCLIC_BARRIER
01:51:21 DEBUG Printer printMatrix - started
01:51:21 DEBUG Printer printMatrix - parameter is Matrix : 17x17
11 1 2 3 4 5 6 7 8 9 10 11 12 13 14 15 16 
-1 44 1 2 3 4 5 6 7 8 9 10 11 12 13 14 15 
-2 -1 85 1 2 3 4 5 6 7 8 9 10 11 12 13 14 
-3 -2 -1 22 1 2 3 4 5 6 7 8 9 10 11 12 13 
-4 -3 -2 -1 65 1 2 3 4 5 6 7 8 9 10 11 12 
-5 -4 -3 -2 -1 55 1 2 3 4 5 6 7 8 9 10 11 
-6 -5 -4 -3 -2 -1 75 1 2 3 4 5 6 7 8 9 10 
-7 -6 -5 -4 -3 -2 -1 33 1 2 3 4 5 6 7 8 9 
-8 -7 -6 -5 -4 -3 -2 -1 95 1 2 3 4 5 6 7 8 
-9 -8 -7 -6 -5 -4 -3 -2 -1 115 1 2 3 4 5 6 7 
-10 -9 -8 -7 -6 -5 -4 -3 -2 -1 125 1 2 3 4 5 6 
-11 -10 -9 -8 -7 -6 -5 -4 -3 -2 -1 105 1 2 3 4 5 
-12 -11 -10 -9 -8 -7 -6 -5 -4 -3 -2 -1 135 1 2 3 4 
-13 -12 -11 -10 -9 -8 -7 -6 -5 -4 -3 -2 -1 145 1 2 3 
-14 -13 -12 -11 -10 -9 -8 -7 -6 -5 -4 -3 -2 -1 155 1 2 
-15 -14 -13 -12 -11 -10 -9 -8 -7 -6 -5 -4 -3 -2 -1 165 1 
-16 -15 -14 -13 -12 -11 -10 -9 -8 -7 -6 -5 -4 -3 -2 -1 175 

01:51:21 INFO  Runner main - Program has finished
