19:18:36 DEBUG UserDAOImpl findAll - Connection=1322024153, URL=jdbc:mysql://localhost:3306/pizzeria?characterEncoding=latin1&useConfigs=maxPerformance&useUnicode=true&useJDBCCompliantTimezoneShift=true&useLegacyDatetimeCode=false&serverTimezone=UTC&autoReconnect=true, UserName=root@localhost, MySQL Connector/J
19:18:48 DEBUG UserDAOImpl findAll - Connection=203930518, URL=jdbc:mysql://localhost:3306/pizzeria?characterEncoding=latin1&useConfigs=maxPerformance&useUnicode=true&useJDBCCompliantTimezoneShift=true&useLegacyDatetimeCode=false&serverTimezone=UTC&autoReconnect=true, UserName=root@localhost, MySQL Connector/J
19:18:52 DEBUG ProfileUpdateAction exec - Profile=Profile{id=0, user=User{id=10, login='null', password='null', role=null}, name='a', surname='a', email='@maki.ru', phone='a', address='Nemiga'}
19:18:52 DEBUG ProfileServiceImpl update - profileDAOe=by.avdeev.pizzeria.dao.impl.ProfileDAOImpl@1ff56bd1
19:18:52 DEBUG ProfileDAOImpl update - Connection=1343194523, URL=jdbc:mysql://localhost:3306/pizzeria?characterEncoding=latin1&useConfigs=maxPerformance&useUnicode=true&useJDBCCompliantTimezoneShift=true&useLegacyDatetimeCode=false&serverTimezone=UTC&autoReconnect=true, UserName=root@localhost, MySQL Connector/J
19:18:52 DEBUG UserDAOImpl findAll - Connection=1322024153, URL=jdbc:mysql://localhost:3306/pizzeria?characterEncoding=latin1&useConfigs=maxPerformance&useUnicode=true&useJDBCCompliantTimezoneShift=true&useLegacyDatetimeCode=false&serverTimezone=UTC&autoReconnect=true, UserName=root@localhost, MySQL Connector/J
19:18:57 DEBUG ProfileUpdateAction exec - Profile=Profile{id=0, user=User{id=10, login='null', password='null', role=null}, name='a', surname='a', email='@maki.ru', phone='a', address='Nemiga 42'}
19:18:57 DEBUG ProfileServiceImpl update - profileDAOe=by.avdeev.pizzeria.dao.impl.ProfileDAOImpl@1ff56bd1
19:18:57 DEBUG ProfileDAOImpl update - Connection=1322024153, URL=jdbc:mysql://localhost:3306/pizzeria?characterEncoding=latin1&useConfigs=maxPerformance&useUnicode=true&useJDBCCompliantTimezoneShift=true&useLegacyDatetimeCode=false&serverTimezone=UTC&autoReconnect=true, UserName=root@localhost, MySQL Connector/J
19:18:57 DEBUG UserDAOImpl findAll - Connection=null
19:19:34 DEBUG UserDAOImpl findAll - Connection=null
19:19:45 DEBUG UserDAOImpl findAll - Connection=null
19:19:50 DEBUG UserDAOImpl findAll - Connection=null
19:21:22 DEBUG UserDAOImpl findAll - Connection=1458779526, URL=jdbc:mysql://localhost:3306/pizzeria?characterEncoding=latin1&useConfigs=maxPerformance&useUnicode=true&useJDBCCompliantTimezoneShift=true&useLegacyDatetimeCode=false&serverTimezone=UTC&autoReconnect=true, UserName=root@localhost, MySQL Connector/J
19:21:25 DEBUG UserDAOImpl findAll - Connection=2008198092, URL=jdbc:mysql://localhost:3306/pizzeria?characterEncoding=latin1&useConfigs=maxPerformance&useUnicode=true&useJDBCCompliantTimezoneShift=true&useLegacyDatetimeCode=false&serverTimezone=UTC&autoReconnect=true, UserName=root@localhost, MySQL Connector/J
19:21:25 DEBUG UserDAOImpl findAll - Connection=1708893523, URL=jdbc:mysql://localhost:3306/pizzeria?characterEncoding=latin1&useConfigs=maxPerformance&useUnicode=true&useJDBCCompliantTimezoneShift=true&useLegacyDatetimeCode=false&serverTimezone=UTC&autoReconnect=true, UserName=root@localhost, MySQL Connector/J
19:21:25 DEBUG UserDAOImpl findAll - Connection=228064734, URL=jdbc:mysql://localhost:3306/pizzeria?characterEncoding=latin1&useConfigs=maxPerformance&useUnicode=true&useJDBCCompliantTimezoneShift=true&useLegacyDatetimeCode=false&serverTimezone=UTC&autoReconnect=true, UserName=root@localhost, MySQL Connector/J
19:21:25 DEBUG UserDAOImpl findAll - Connection=993731575, URL=jdbc:mysql://localhost:3306/pizzeria?characterEncoding=latin1&useConfigs=maxPerformance&useUnicode=true&useJDBCCompliantTimezoneShift=true&useLegacyDatetimeCode=false&serverTimezone=UTC&autoReconnect=true, UserName=root@localhost, MySQL Connector/J
19:21:25 DEBUG UserDAOImpl findAll - Connection=null
19:21:25 DEBUG UserDAOImpl findAll - Connection=null
19:21:26 DEBUG UserDAOImpl findAll - Connection=null
19:22:08 DEBUG UserDAOImpl findAll - Connection=1268698468, URL=jdbc:mysql://localhost:3306/pizzeria?characterEncoding=latin1&useConfigs=maxPerformance&useUnicode=true&useJDBCCompliantTimezoneShift=true&useLegacyDatetimeCode=false&serverTimezone=UTC&autoReconnect=true, UserName=root@localhost, MySQL Connector/J
19:22:10 DEBUG UserDAOImpl findAll - Connection=124753582, URL=jdbc:mysql://localhost:3306/pizzeria?characterEncoding=latin1&useConfigs=maxPerformance&useUnicode=true&useJDBCCompliantTimezoneShift=true&useLegacyDatetimeCode=false&serverTimezone=UTC&autoReconnect=true, UserName=root@localhost, MySQL Connector/J
19:22:10 DEBUG UserDAOImpl findAll - Connection=998639237, URL=jdbc:mysql://localhost:3306/pizzeria?characterEncoding=latin1&useConfigs=maxPerformance&useUnicode=true&useJDBCCompliantTimezoneShift=true&useLegacyDatetimeCode=false&serverTimezone=UTC&autoReconnect=true, UserName=root@localhost, MySQL Connector/J
19:22:10 DEBUG UserDAOImpl findAll - Connection=1964645150, URL=jdbc:mysql://localhost:3306/pizzeria?characterEncoding=latin1&useConfigs=maxPerformance&useUnicode=true&useJDBCCompliantTimezoneShift=true&useLegacyDatetimeCode=false&serverTimezone=UTC&autoReconnect=true, UserName=root@localhost, MySQL Connector/J
19:22:11 DEBUG UserDAOImpl findAll - Connection=439201421, URL=jdbc:mysql://localhost:3306/pizzeria?characterEncoding=latin1&useConfigs=maxPerformance&useUnicode=true&useJDBCCompliantTimezoneShift=true&useLegacyDatetimeCode=false&serverTimezone=UTC&autoReconnect=true, UserName=root@localhost, MySQL Connector/J
19:22:11 DEBUG UserDAOImpl findAll - Connection=1268698468, URL=jdbc:mysql://localhost:3306/pizzeria?characterEncoding=latin1&useConfigs=maxPerformance&useUnicode=true&useJDBCCompliantTimezoneShift=true&useLegacyDatetimeCode=false&serverTimezone=UTC&autoReconnect=true, UserName=root@localhost, MySQL Connector/J
19:22:11 DEBUG UserDAOImpl findAll - Connection=124753582, URL=jdbc:mysql://localhost:3306/pizzeria?characterEncoding=latin1&useConfigs=maxPerformance&useUnicode=true&useJDBCCompliantTimezoneShift=true&useLegacyDatetimeCode=false&serverTimezone=UTC&autoReconnect=true, UserName=root@localhost, MySQL Connector/J
19:22:11 DEBUG UserDAOImpl findAll - Connection=998639237, URL=jdbc:mysql://localhost:3306/pizzeria?characterEncoding=latin1&useConfigs=maxPerformance&useUnicode=true&useJDBCCompliantTimezoneShift=true&useLegacyDatetimeCode=false&serverTimezone=UTC&autoReconnect=true, UserName=root@localhost, MySQL Connector/J
19:22:12 DEBUG UserDAOImpl findAll - Connection=1964645150, URL=jdbc:mysql://localhost:3306/pizzeria?characterEncoding=latin1&useConfigs=maxPerformance&useUnicode=true&useJDBCCompliantTimezoneShift=true&useLegacyDatetimeCode=false&serverTimezone=UTC&autoReconnect=true, UserName=root@localhost, MySQL Connector/J
19:22:12 DEBUG UserDAOImpl findAll - Connection=439201421, URL=jdbc:mysql://localhost:3306/pizzeria?characterEncoding=latin1&useConfigs=maxPerformance&useUnicode=true&useJDBCCompliantTimezoneShift=true&useLegacyDatetimeCode=false&serverTimezone=UTC&autoReconnect=true, UserName=root@localhost, MySQL Connector/J
19:22:12 DEBUG UserDAOImpl findAll - Connection=1268698468, URL=jdbc:mysql://localhost:3306/pizzeria?characterEncoding=latin1&useConfigs=maxPerformance&useUnicode=true&useJDBCCompliantTimezoneShift=true&useLegacyDatetimeCode=false&serverTimezone=UTC&autoReconnect=true, UserName=root@localhost, MySQL Connector/J
19:22:12 DEBUG UserDAOImpl findAll - Connection=124753582, URL=jdbc:mysql://localhost:3306/pizzeria?characterEncoding=latin1&useConfigs=maxPerformance&useUnicode=true&useJDBCCompliantTimezoneShift=true&useLegacyDatetimeCode=false&serverTimezone=UTC&autoReconnect=true, UserName=root@localhost, MySQL Connector/J
19:22:12 DEBUG UserDAOImpl findAll - Connection=998639237, URL=jdbc:mysql://localhost:3306/pizzeria?characterEncoding=latin1&useConfigs=maxPerformance&useUnicode=true&useJDBCCompliantTimezoneShift=true&useLegacyDatetimeCode=false&serverTimezone=UTC&autoReconnect=true, UserName=root@localhost, MySQL Connector/J
19:22:13 DEBUG UserDAOImpl findAll - Connection=1964645150, URL=jdbc:mysql://localhost:3306/pizzeria?characterEncoding=latin1&useConfigs=maxPerformance&useUnicode=true&useJDBCCompliantTimezoneShift=true&useLegacyDatetimeCode=false&serverTimezone=UTC&autoReconnect=true, UserName=root@localhost, MySQL Connector/J
19:22:13 DEBUG UserDAOImpl findAll - Connection=439201421, URL=jdbc:mysql://localhost:3306/pizzeria?characterEncoding=latin1&useConfigs=maxPerformance&useUnicode=true&useJDBCCompliantTimezoneShift=true&useLegacyDatetimeCode=false&serverTimezone=UTC&autoReconnect=true, UserName=root@localhost, MySQL Connector/J
19:22:13 DEBUG UserDAOImpl findAll - Connection=1268698468, URL=jdbc:mysql://localhost:3306/pizzeria?characterEncoding=latin1&useConfigs=maxPerformance&useUnicode=true&useJDBCCompliantTimezoneShift=true&useLegacyDatetimeCode=false&serverTimezone=UTC&autoReconnect=true, UserName=root@localhost, MySQL Connector/J
19:22:18 DEBUG UserDAOImpl findAll - Connection=998639237, URL=jdbc:mysql://localhost:3306/pizzeria?characterEncoding=latin1&useConfigs=maxPerformance&useUnicode=true&useJDBCCompliantTimezoneShift=true&useLegacyDatetimeCode=false&serverTimezone=UTC&autoReconnect=true, UserName=root@localhost, MySQL Connector/J
19:22:25 DEBUG ProfileUpdateAction exec - Profile=Profile{id=0, user=User{id=10, login='null', password='null', role=null}, name='a', surname='a', email='@maki.ru', phone='a', address='Nemiga 42 6'}
19:22:25 DEBUG ProfileServiceImpl update - profileDAOe=by.avdeev.pizzeria.dao.impl.ProfileDAOImpl@71f871
19:22:25 DEBUG ProfileDAOImpl update - Connection=439201421, URL=jdbc:mysql://localhost:3306/pizzeria?characterEncoding=latin1&useConfigs=maxPerformance&useUnicode=true&useJDBCCompliantTimezoneShift=true&useLegacyDatetimeCode=false&serverTimezone=UTC&autoReconnect=true, UserName=root@localhost, MySQL Connector/J
19:22:25 DEBUG UserDAOImpl findAll - Connection=1268698468, URL=jdbc:mysql://localhost:3306/pizzeria?characterEncoding=latin1&useConfigs=maxPerformance&useUnicode=true&useJDBCCompliantTimezoneShift=true&useLegacyDatetimeCode=false&serverTimezone=UTC&autoReconnect=true, UserName=root@localhost, MySQL Connector/J
19:22:28 DEBUG ProfileUpdateAction exec - Profile=Profile{id=0, user=User{id=10, login='null', password='null', role=null}, name='a', surname='a', email='@maki.ru', phone='a', address='Nemiga 42 69'}
19:22:28 DEBUG ProfileServiceImpl update - profileDAOe=by.avdeev.pizzeria.dao.impl.ProfileDAOImpl@71f871
19:22:28 DEBUG ProfileDAOImpl update - Connection=998639237, URL=jdbc:mysql://localhost:3306/pizzeria?characterEncoding=latin1&useConfigs=maxPerformance&useUnicode=true&useJDBCCompliantTimezoneShift=true&useLegacyDatetimeCode=false&serverTimezone=UTC&autoReconnect=true, UserName=root@localhost, MySQL Connector/J
19:22:28 DEBUG UserDAOImpl findAll - Connection=1964645150, URL=jdbc:mysql://localhost:3306/pizzeria?characterEncoding=latin1&useConfigs=maxPerformance&useUnicode=true&useJDBCCompliantTimezoneShift=true&useLegacyDatetimeCode=false&serverTimezone=UTC&autoReconnect=true, UserName=root@localhost, MySQL Connector/J
19:22:35 DEBUG ProfileUpdateAction exec - Profile=Profile{id=0, user=User{id=10, login='null', password='null', role=null}, name='a', surname='a', email='@maki.ru', phone='a', address='Nemiga 42 69'}
19:22:35 DEBUG ProfileServiceImpl update - profileDAOe=by.avdeev.pizzeria.dao.impl.ProfileDAOImpl@71f871
19:22:35 DEBUG ProfileDAOImpl update - Connection=1268698468, URL=jdbc:mysql://localhost:3306/pizzeria?characterEncoding=latin1&useConfigs=maxPerformance&useUnicode=true&useJDBCCompliantTimezoneShift=true&useLegacyDatetimeCode=false&serverTimezone=UTC&autoReconnect=true, UserName=root@localhost, MySQL Connector/J
19:22:35 DEBUG UserDAOImpl findAll - Connection=124753582, URL=jdbc:mysql://localhost:3306/pizzeria?characterEncoding=latin1&useConfigs=maxPerformance&useUnicode=true&useJDBCCompliantTimezoneShift=true&useLegacyDatetimeCode=false&serverTimezone=UTC&autoReconnect=true, UserName=root@localhost, MySQL Connector/J
19:22:37 DEBUG ProfileUpdateAction exec - Profile=Profile{id=0, user=User{id=10, login='null', password='null', role=null}, name='a', surname='a', email='@maki.ru', phone='a', address='Nemiga 42 69'}
19:22:37 DEBUG ProfileServiceImpl update - profileDAOe=by.avdeev.pizzeria.dao.impl.ProfileDAOImpl@71f871
19:22:37 DEBUG ProfileDAOImpl update - Connection=1964645150, URL=jdbc:mysql://localhost:3306/pizzeria?characterEncoding=latin1&useConfigs=maxPerformance&useUnicode=true&useJDBCCompliantTimezoneShift=true&useLegacyDatetimeCode=false&serverTimezone=UTC&autoReconnect=true, UserName=root@localhost, MySQL Connector/J
19:22:37 DEBUG UserDAOImpl findAll - Connection=439201421, URL=jdbc:mysql://localhost:3306/pizzeria?characterEncoding=latin1&useConfigs=maxPerformance&useUnicode=true&useJDBCCompliantTimezoneShift=true&useLegacyDatetimeCode=false&serverTimezone=UTC&autoReconnect=true, UserName=root@localhost, MySQL Connector/J
19:22:39 DEBUG UserDAOImpl findAll - Connection=124753582, URL=jdbc:mysql://localhost:3306/pizzeria?characterEncoding=latin1&useConfigs=maxPerformance&useUnicode=true&useJDBCCompliantTimezoneShift=true&useLegacyDatetimeCode=false&serverTimezone=UTC&autoReconnect=true, UserName=root@localhost, MySQL Connector/J
19:22:51 DEBUG UserDAOImpl findAll - Connection=439201421, URL=jdbc:mysql://localhost:3306/pizzeria?characterEncoding=latin1&useConfigs=maxPerformance&useUnicode=true&useJDBCCompliantTimezoneShift=true&useLegacyDatetimeCode=false&serverTimezone=UTC&autoReconnect=true, UserName=root@localhost, MySQL Connector/J
19:22:52 DEBUG UserDAOImpl findAll - Connection=124753582, URL=jdbc:mysql://localhost:3306/pizzeria?characterEncoding=latin1&useConfigs=maxPerformance&useUnicode=true&useJDBCCompliantTimezoneShift=true&useLegacyDatetimeCode=false&serverTimezone=UTC&autoReconnect=true, UserName=root@localhost, MySQL Connector/J
19:22:56 DEBUG UserDAOImpl findAll - Connection=1964645150, URL=jdbc:mysql://localhost:3306/pizzeria?characterEncoding=latin1&useConfigs=maxPerformance&useUnicode=true&useJDBCCompliantTimezoneShift=true&useLegacyDatetimeCode=false&serverTimezone=UTC&autoReconnect=true, UserName=root@localhost, MySQL Connector/J
19:23:00 DEBUG ProfileUpdateAction exec - Profile=Profile{id=0, user=User{id=50, login='null', password='null', role=null}, name='lol', surname='l', email='l', phone='l', address='l'}
19:23:00 DEBUG ProfileServiceImpl update - profileDAOe=by.avdeev.pizzeria.dao.impl.ProfileDAOImpl@71f871
19:23:00 DEBUG ProfileDAOImpl update - Connection=1268698468, URL=jdbc:mysql://localhost:3306/pizzeria?characterEncoding=latin1&useConfigs=maxPerformance&useUnicode=true&useJDBCCompliantTimezoneShift=true&useLegacyDatetimeCode=false&serverTimezone=UTC&autoReconnect=true, UserName=root@localhost, MySQL Connector/J
19:23:00 DEBUG UserDAOImpl findAll - Connection=124753582, URL=jdbc:mysql://localhost:3306/pizzeria?characterEncoding=latin1&useConfigs=maxPerformance&useUnicode=true&useJDBCCompliantTimezoneShift=true&useLegacyDatetimeCode=false&serverTimezone=UTC&autoReconnect=true, UserName=root@localhost, MySQL Connector/J
19:23:03 DEBUG ProfileUpdateAction exec - Profile=Profile{id=0, user=User{id=50, login='null', password='null', role=null}, name='lol', surname='lol', email='l', phone='l', address='l'}
19:23:03 DEBUG ProfileServiceImpl update - profileDAOe=by.avdeev.pizzeria.dao.impl.ProfileDAOImpl@71f871
19:23:03 DEBUG ProfileDAOImpl update - Connection=1964645150, URL=jdbc:mysql://localhost:3306/pizzeria?characterEncoding=latin1&useConfigs=maxPerformance&useUnicode=true&useJDBCCompliantTimezoneShift=true&useLegacyDatetimeCode=false&serverTimezone=UTC&autoReconnect=true, UserName=root@localhost, MySQL Connector/J
19:23:03 DEBUG UserDAOImpl findAll - Connection=439201421, URL=jdbc:mysql://localhost:3306/pizzeria?characterEncoding=latin1&useConfigs=maxPerformance&useUnicode=true&useJDBCCompliantTimezoneShift=true&useLegacyDatetimeCode=false&serverTimezone=UTC&autoReconnect=true, UserName=root@localhost, MySQL Connector/J
19:23:28 DEBUG UserDAOImpl findAll - Connection=124753582, URL=jdbc:mysql://localhost:3306/pizzeria?characterEncoding=latin1&useConfigs=maxPerformance&useUnicode=true&useJDBCCompliantTimezoneShift=true&useLegacyDatetimeCode=false&serverTimezone=UTC&autoReconnect=true, UserName=root@localhost, MySQL Connector/J
19:23:30 DEBUG UserDeleteAction exec - Profile=Profile{id=13, user=null, name='lol', surname='lol', email='l', phone='l', address='l'}
19:23:30 DEBUG UserDeleteAction exec - isDeleted Profile=true
19:23:30 DEBUG UserDAOImpl findAll - Connection=1964645150, URL=jdbc:mysql://localhost:3306/pizzeria?characterEncoding=latin1&useConfigs=maxPerformance&useUnicode=true&useJDBCCompliantTimezoneShift=true&useLegacyDatetimeCode=false&serverTimezone=UTC&autoReconnect=true, UserName=root@localhost, MySQL Connector/J
19:26:05 DEBUG UserDAOImpl findAll - Connection=1268698468, URL=jdbc:mysql://localhost:3306/pizzeria?characterEncoding=latin1&useConfigs=maxPerformance&useUnicode=true&useJDBCCompliantTimezoneShift=true&useLegacyDatetimeCode=false&serverTimezone=UTC&autoReconnect=true, UserName=root@localhost, MySQL Connector/J
19:26:27 DEBUG ProfileUpdateAction exec - Profile=Profile{id=0, user=User{id=10, login='null', password='null', role=null}, name='a', surname='a', email='@maki.ru', phone='a', address='Nemiga 42 69'}
19:26:27 DEBUG ProfileServiceImpl update - profileDAOe=by.avdeev.pizzeria.dao.impl.ProfileDAOImpl@71f871
19:26:27 DEBUG ProfileDAOImpl update - Connection=998639237, URL=jdbc:mysql://localhost:3306/pizzeria?characterEncoding=latin1&useConfigs=maxPerformance&useUnicode=true&useJDBCCompliantTimezoneShift=true&useLegacyDatetimeCode=false&serverTimezone=UTC&autoReconnect=true, UserName=root@localhost, MySQL Connector/J
19:26:27 DEBUG UserDAOImpl findAll - Connection=1964645150, URL=jdbc:mysql://localhost:3306/pizzeria?characterEncoding=latin1&useConfigs=maxPerformance&useUnicode=true&useJDBCCompliantTimezoneShift=true&useLegacyDatetimeCode=false&serverTimezone=UTC&autoReconnect=true, UserName=root@localhost, MySQL Connector/J
19:48:08 DEBUG UserDAOImpl findAll - Connection=124753582, URL=jdbc:mysql://localhost:3306/pizzeria?characterEncoding=latin1&useConfigs=maxPerformance&useUnicode=true&useJDBCCompliantTimezoneShift=true&useLegacyDatetimeCode=false&serverTimezone=UTC&autoReconnect=true, UserName=root@localhost, MySQL Connector/J
19:49:08 DEBUG UserDAOImpl findAll - Connection=1964645150, URL=jdbc:mysql://localhost:3306/pizzeria?characterEncoding=latin1&useConfigs=maxPerformance&useUnicode=true&useJDBCCompliantTimezoneShift=true&useLegacyDatetimeCode=false&serverTimezone=UTC&autoReconnect=true, UserName=root@localhost, MySQL Connector/J
19:50:09 DEBUG UserDAOImpl findAll - Connection=1471517098, URL=jdbc:mysql://localhost:3306/pizzeria?characterEncoding=latin1&useConfigs=maxPerformance&useUnicode=true&useJDBCCompliantTimezoneShift=true&useLegacyDatetimeCode=false&serverTimezone=UTC&autoReconnect=true, UserName=root@localhost, MySQL Connector/J
19:50:10 DEBUG UserDAOImpl findAll - Connection=1462397934, URL=jdbc:mysql://localhost:3306/pizzeria?characterEncoding=latin1&useConfigs=maxPerformance&useUnicode=true&useJDBCCompliantTimezoneShift=true&useLegacyDatetimeCode=false&serverTimezone=UTC&autoReconnect=true, UserName=root@localhost, MySQL Connector/J
19:50:10 DEBUG UserDAOImpl findAll - Connection=305091405, URL=jdbc:mysql://localhost:3306/pizzeria?characterEncoding=latin1&useConfigs=maxPerformance&useUnicode=true&useJDBCCompliantTimezoneShift=true&useLegacyDatetimeCode=false&serverTimezone=UTC&autoReconnect=true, UserName=root@localhost, MySQL Connector/J
19:50:45 DEBUG UserDAOImpl findAll - Connection=15620316, URL=jdbc:mysql://localhost:3306/pizzeria?characterEncoding=latin1&useConfigs=maxPerformance&useUnicode=true&useJDBCCompliantTimezoneShift=true&useLegacyDatetimeCode=false&serverTimezone=UTC&autoReconnect=true, UserName=root@localhost, MySQL Connector/J
19:50:55 DEBUG UserDAOImpl findAll - Connection=1462397934, URL=jdbc:mysql://localhost:3306/pizzeria?characterEncoding=latin1&useConfigs=maxPerformance&useUnicode=true&useJDBCCompliantTimezoneShift=true&useLegacyDatetimeCode=false&serverTimezone=UTC&autoReconnect=true, UserName=root@localhost, MySQL Connector/J
19:51:04 DEBUG UserDAOImpl findAll - Connection=1471517098, URL=jdbc:mysql://localhost:3306/pizzeria?characterEncoding=latin1&useConfigs=maxPerformance&useUnicode=true&useJDBCCompliantTimezoneShift=true&useLegacyDatetimeCode=false&serverTimezone=UTC&autoReconnect=true, UserName=root@localhost, MySQL Connector/J
19:51:14 DEBUG UserDAOImpl findAll - Connection=1462262506, URL=jdbc:mysql://localhost:3306/pizzeria?characterEncoding=latin1&useConfigs=maxPerformance&useUnicode=true&useJDBCCompliantTimezoneShift=true&useLegacyDatetimeCode=false&serverTimezone=UTC&autoReconnect=true, UserName=root@localhost, MySQL Connector/J
19:51:20 DEBUG UserDeleteAction exec - Profile=Profile{id=14, user=null, name='l', surname='l', email='l', phone='l', address='l'}
19:51:20 DEBUG UserDeleteAction exec - isDeleted Profile=true
19:51:20 DEBUG UserDAOImpl findAll - Connection=1471517098, URL=jdbc:mysql://localhost:3306/pizzeria?characterEncoding=latin1&useConfigs=maxPerformance&useUnicode=true&useJDBCCompliantTimezoneShift=true&useLegacyDatetimeCode=false&serverTimezone=UTC&autoReconnect=true, UserName=root@localhost, MySQL Connector/J
19:51:45 DEBUG UserDAOImpl findAll - Connection=1462397934, URL=jdbc:mysql://localhost:3306/pizzeria?characterEncoding=latin1&useConfigs=maxPerformance&useUnicode=true&useJDBCCompliantTimezoneShift=true&useLegacyDatetimeCode=false&serverTimezone=UTC&autoReconnect=true, UserName=root@localhost, MySQL Connector/J
19:51:50 DEBUG UserDAOImpl findAll - Connection=305091405, URL=jdbc:mysql://localhost:3306/pizzeria?characterEncoding=latin1&useConfigs=maxPerformance&useUnicode=true&useJDBCCompliantTimezoneShift=true&useLegacyDatetimeCode=false&serverTimezone=UTC&autoReconnect=true, UserName=root@localhost, MySQL Connector/J
19:51:59 DEBUG UserDAOImpl findAll - Connection=15620316, URL=jdbc:mysql://localhost:3306/pizzeria?characterEncoding=latin1&useConfigs=maxPerformance&useUnicode=true&useJDBCCompliantTimezoneShift=true&useLegacyDatetimeCode=false&serverTimezone=UTC&autoReconnect=true, UserName=root@localhost, MySQL Connector/J
19:52:08 DEBUG UserDAOImpl findAll - Connection=305091405, URL=jdbc:mysql://localhost:3306/pizzeria?characterEncoding=latin1&useConfigs=maxPerformance&useUnicode=true&useJDBCCompliantTimezoneShift=true&useLegacyDatetimeCode=false&serverTimezone=UTC&autoReconnect=true, UserName=root@localhost, MySQL Connector/J
19:52:14 DEBUG ProfileUpdateAction exec - Profile=Profile{id=0, user=User{id=52, login='null', password='null', role=null}, name='l', surname='l', email='l', phone='l', address='lasdasd'}
19:52:14 DEBUG ProfileServiceImpl update - profileDAOe=by.avdeev.pizzeria.dao.impl.ProfileDAOImpl@568792db
19:52:14 DEBUG ProfileDAOImpl update - Connection=1471517098, URL=jdbc:mysql://localhost:3306/pizzeria?characterEncoding=latin1&useConfigs=maxPerformance&useUnicode=true&useJDBCCompliantTimezoneShift=true&useLegacyDatetimeCode=false&serverTimezone=UTC&autoReconnect=true, UserName=root@localhost, MySQL Connector/J
19:52:14 DEBUG UserDAOImpl findAll - Connection=1462397934, URL=jdbc:mysql://localhost:3306/pizzeria?characterEncoding=latin1&useConfigs=maxPerformance&useUnicode=true&useJDBCCompliantTimezoneShift=true&useLegacyDatetimeCode=false&serverTimezone=UTC&autoReconnect=true, UserName=root@localhost, MySQL Connector/J
19:52:19 DEBUG UserDeleteAction exec - Profile=Profile{id=15, user=null, name='l', surname='l', email='l', phone='l', address='lasdasd'}
19:52:19 DEBUG UserDeleteAction exec - isDeleted Profile=true
19:52:19 DEBUG UserDAOImpl findAll - Connection=15620316, URL=jdbc:mysql://localhost:3306/pizzeria?characterEncoding=latin1&useConfigs=maxPerformance&useUnicode=true&useJDBCCompliantTimezoneShift=true&useLegacyDatetimeCode=false&serverTimezone=UTC&autoReconnect=true, UserName=root@localhost, MySQL Connector/J
19:57:40 DEBUG UserDAOImpl findAll - Connection=938721392, URL=jdbc:mysql://localhost:3306/pizzeria?characterEncoding=latin1&useConfigs=maxPerformance&useUnicode=true&useJDBCCompliantTimezoneShift=true&useLegacyDatetimeCode=false&serverTimezone=UTC&autoReconnect=true, UserName=root@localhost, MySQL Connector/J
19:57:47 DEBUG UserDAOImpl findAll - Connection=425606913, URL=jdbc:mysql://localhost:3306/pizzeria?characterEncoding=latin1&useConfigs=maxPerformance&useUnicode=true&useJDBCCompliantTimezoneShift=true&useLegacyDatetimeCode=false&serverTimezone=UTC&autoReconnect=true, UserName=root@localhost, MySQL Connector/J
19:57:55 DEBUG ProfileUpdateAction exec - Profile=Profile{id=0, user=User{id=10, login='null', password='null', role=null}, name='a', surname='a', email='@maki.ru', phone='aphone', address='Nemiga 42 69'}
19:57:55 DEBUG ProfileServiceImpl update - profileDAOe=by.avdeev.pizzeria.dao.impl.ProfileDAOImpl@793d7c94
19:57:55 DEBUG ProfileDAOImpl update - Connection=1085645457, URL=jdbc:mysql://localhost:3306/pizzeria?characterEncoding=latin1&useConfigs=maxPerformance&useUnicode=true&useJDBCCompliantTimezoneShift=true&useLegacyDatetimeCode=false&serverTimezone=UTC&autoReconnect=true, UserName=root@localhost, MySQL Connector/J
19:57:55 DEBUG UserDAOImpl findAll - Connection=938721392, URL=jdbc:mysql://localhost:3306/pizzeria?characterEncoding=latin1&useConfigs=maxPerformance&useUnicode=true&useJDBCCompliantTimezoneShift=true&useLegacyDatetimeCode=false&serverTimezone=UTC&autoReconnect=true, UserName=root@localhost, MySQL Connector/J
19:57:58 DEBUG ProfileUpdateAction exec - Profile=Profile{id=0, user=User{id=10, login='null', password='null', role=null}, name='a', surname='a', email='@maki.ru', phone='aphone', address='Nemiga 42 69'}
19:57:58 DEBUG ProfileServiceImpl update - profileDAOe=by.avdeev.pizzeria.dao.impl.ProfileDAOImpl@793d7c94
19:57:58 DEBUG ProfileDAOImpl update - Connection=425606913, URL=jdbc:mysql://localhost:3306/pizzeria?characterEncoding=latin1&useConfigs=maxPerformance&useUnicode=true&useJDBCCompliantTimezoneShift=true&useLegacyDatetimeCode=false&serverTimezone=UTC&autoReconnect=true, UserName=root@localhost, MySQL Connector/J
19:57:58 DEBUG UserDAOImpl findAll - Connection=1613195775, URL=jdbc:mysql://localhost:3306/pizzeria?characterEncoding=latin1&useConfigs=maxPerformance&useUnicode=true&useJDBCCompliantTimezoneShift=true&useLegacyDatetimeCode=false&serverTimezone=UTC&autoReconnect=true, UserName=root@localhost, MySQL Connector/J
19:58:09 DEBUG UserDAOImpl findAll - Connection=938721392, URL=jdbc:mysql://localhost:3306/pizzeria?characterEncoding=latin1&useConfigs=maxPerformance&useUnicode=true&useJDBCCompliantTimezoneShift=true&useLegacyDatetimeCode=false&serverTimezone=UTC&autoReconnect=true, UserName=root@localhost, MySQL Connector/J
21:06:36 DEBUG UserDAOImpl findAll - Connection=1519375717, URL=jdbc:mysql://localhost:3306/pizzeria?characterEncoding=latin1&useConfigs=maxPerformance&useUnicode=true&useJDBCCompliantTimezoneShift=true&useLegacyDatetimeCode=false&serverTimezone=UTC&autoReconnect=true, UserName=root@localhost, MySQL Connector/J
21:06:46 DEBUG UserDAOImpl findAll - Connection=1428035124, URL=jdbc:mysql://localhost:3306/pizzeria?characterEncoding=latin1&useConfigs=maxPerformance&useUnicode=true&useJDBCCompliantTimezoneShift=true&useLegacyDatetimeCode=false&serverTimezone=UTC&autoReconnect=true, UserName=root@localhost, MySQL Connector/J
21:06:58 DEBUG ProfileUpdateAction exec - Profile=Profile{id=0, user=User{id=10, login='null', password='null', role=null}, name='a', surname='a', email='@maki.ru', phone='aphone', address='Nemiga 42 69'}
21:06:58 DEBUG ProfileServiceImpl update - profileDAOe=by.avdeev.pizzeria.dao.impl.ProfileDAOImpl@637cd595
21:06:58 DEBUG ProfileDAOImpl update - Connection=746988622, URL=jdbc:mysql://localhost:3306/pizzeria?characterEncoding=latin1&useConfigs=maxPerformance&useUnicode=true&useJDBCCompliantTimezoneShift=true&useLegacyDatetimeCode=false&serverTimezone=UTC&autoReconnect=true, UserName=root@localhost, MySQL Connector/J
21:06:58 DEBUG UserDAOImpl findAll - Connection=1120283769, URL=jdbc:mysql://localhost:3306/pizzeria?characterEncoding=latin1&useConfigs=maxPerformance&useUnicode=true&useJDBCCompliantTimezoneShift=true&useLegacyDatetimeCode=false&serverTimezone=UTC&autoReconnect=true, UserName=root@localhost, MySQL Connector/J
21:08:58 DEBUG UserDAOImpl findAll - Connection=1605176904, URL=jdbc:mysql://localhost:3306/pizzeria?characterEncoding=latin1&useConfigs=maxPerformance&useUnicode=true&useJDBCCompliantTimezoneShift=true&useLegacyDatetimeCode=false&serverTimezone=UTC&autoReconnect=true, UserName=root@localhost, MySQL Connector/J
21:09:08 DEBUG UserDAOImpl findAll - Connection=940911567, URL=jdbc:mysql://localhost:3306/pizzeria?characterEncoding=latin1&useConfigs=maxPerformance&useUnicode=true&useJDBCCompliantTimezoneShift=true&useLegacyDatetimeCode=false&serverTimezone=UTC&autoReconnect=true, UserName=root@localhost, MySQL Connector/J
21:12:15 DEBUG UserDAOImpl findAll - Connection=1527368340, URL=jdbc:mysql://localhost:3306/pizzeria?characterEncoding=latin1&useConfigs=maxPerformance&useUnicode=true&useJDBCCompliantTimezoneShift=true&useLegacyDatetimeCode=false&serverTimezone=UTC&autoReconnect=true, UserName=root@localhost, MySQL Connector/J
21:12:20 DEBUG UserDAOImpl findAll - Connection=86456964, URL=jdbc:mysql://localhost:3306/pizzeria?characterEncoding=latin1&useConfigs=maxPerformance&useUnicode=true&useJDBCCompliantTimezoneShift=true&useLegacyDatetimeCode=false&serverTimezone=UTC&autoReconnect=true, UserName=root@localhost, MySQL Connector/J
21:12:25 DEBUG UserDAOImpl findAll - Connection=1262022899, URL=jdbc:mysql://localhost:3306/pizzeria?characterEncoding=latin1&useConfigs=maxPerformance&useUnicode=true&useJDBCCompliantTimezoneShift=true&useLegacyDatetimeCode=false&serverTimezone=UTC&autoReconnect=true, UserName=root@localhost, MySQL Connector/J
21:13:22 DEBUG UserDAOImpl findAll - Connection=874877650, URL=jdbc:mysql://localhost:3306/pizzeria?characterEncoding=latin1&useConfigs=maxPerformance&useUnicode=true&useJDBCCompliantTimezoneShift=true&useLegacyDatetimeCode=false&serverTimezone=UTC&autoReconnect=true, UserName=root@localhost, MySQL Connector/J
21:13:27 DEBUG UserDAOImpl findAll - Connection=358780077, URL=jdbc:mysql://localhost:3306/pizzeria?characterEncoding=latin1&useConfigs=maxPerformance&useUnicode=true&useJDBCCompliantTimezoneShift=true&useLegacyDatetimeCode=false&serverTimezone=UTC&autoReconnect=true, UserName=root@localhost, MySQL Connector/J
21:13:31 DEBUG UserDAOImpl findAll - Connection=1770708218, URL=jdbc:mysql://localhost:3306/pizzeria?characterEncoding=latin1&useConfigs=maxPerformance&useUnicode=true&useJDBCCompliantTimezoneShift=true&useLegacyDatetimeCode=false&serverTimezone=UTC&autoReconnect=true, UserName=root@localhost, MySQL Connector/J
21:14:33 DEBUG UserDAOImpl findAll - Connection=972855712, URL=jdbc:mysql://localhost:3306/pizzeria?characterEncoding=latin1&useConfigs=maxPerformance&useUnicode=true&useJDBCCompliantTimezoneShift=true&useLegacyDatetimeCode=false&serverTimezone=UTC&autoReconnect=true, UserName=root@localhost, MySQL Connector/J
21:14:41 DEBUG UserDAOImpl findAll - Connection=660714134, URL=jdbc:mysql://localhost:3306/pizzeria?characterEncoding=latin1&useConfigs=maxPerformance&useUnicode=true&useJDBCCompliantTimezoneShift=true&useLegacyDatetimeCode=false&serverTimezone=UTC&autoReconnect=true, UserName=root@localhost, MySQL Connector/J
21:14:46 DEBUG UserDAOImpl findAll - Connection=840342024, URL=jdbc:mysql://localhost:3306/pizzeria?characterEncoding=latin1&useConfigs=maxPerformance&useUnicode=true&useJDBCCompliantTimezoneShift=true&useLegacyDatetimeCode=false&serverTimezone=UTC&autoReconnect=true, UserName=root@localhost, MySQL Connector/J
21:15:15 DEBUG UserDAOImpl findAll - Connection=400922598, URL=jdbc:mysql://localhost:3306/pizzeria?characterEncoding=latin1&useConfigs=maxPerformance&useUnicode=true&useJDBCCompliantTimezoneShift=true&useLegacyDatetimeCode=false&serverTimezone=UTC&autoReconnect=true, UserName=root@localhost, MySQL Connector/J
21:15:22 DEBUG UserDAOImpl findAll - Connection=1421656789, URL=jdbc:mysql://localhost:3306/pizzeria?characterEncoding=latin1&useConfigs=maxPerformance&useUnicode=true&useJDBCCompliantTimezoneShift=true&useLegacyDatetimeCode=false&serverTimezone=UTC&autoReconnect=true, UserName=root@localhost, MySQL Connector/J
21:15:50 DEBUG UserDAOImpl findAll - Connection=96043634, URL=jdbc:mysql://localhost:3306/pizzeria?characterEncoding=latin1&useConfigs=maxPerformance&useUnicode=true&useJDBCCompliantTimezoneShift=true&useLegacyDatetimeCode=false&serverTimezone=UTC&autoReconnect=true, UserName=root@localhost, MySQL Connector/J
21:15:58 DEBUG UserDAOImpl findAll - Connection=1958312247, URL=jdbc:mysql://localhost:3306/pizzeria?characterEncoding=latin1&useConfigs=maxPerformance&useUnicode=true&useJDBCCompliantTimezoneShift=true&useLegacyDatetimeCode=false&serverTimezone=UTC&autoReconnect=true, UserName=root@localhost, MySQL Connector/J
21:16:02 DEBUG UserDAOImpl findAll - Connection=1011714677, URL=jdbc:mysql://localhost:3306/pizzeria?characterEncoding=latin1&useConfigs=maxPerformance&useUnicode=true&useJDBCCompliantTimezoneShift=true&useLegacyDatetimeCode=false&serverTimezone=UTC&autoReconnect=true, UserName=root@localhost, MySQL Connector/J
21:17:31 DEBUG UserDAOImpl findAll - Connection=714569504, URL=jdbc:mysql://localhost:3306/pizzeria?characterEncoding=latin1&useConfigs=maxPerformance&useUnicode=true&useJDBCCompliantTimezoneShift=true&useLegacyDatetimeCode=false&serverTimezone=UTC&autoReconnect=true, UserName=root@localhost, MySQL Connector/J
21:17:36 DEBUG UserDAOImpl findAll - Connection=238719669, URL=jdbc:mysql://localhost:3306/pizzeria?characterEncoding=latin1&useConfigs=maxPerformance&useUnicode=true&useJDBCCompliantTimezoneShift=true&useLegacyDatetimeCode=false&serverTimezone=UTC&autoReconnect=true, UserName=root@localhost, MySQL Connector/J
21:18:31 DEBUG UserDAOImpl findAll - Connection=1940456278, URL=jdbc:mysql://localhost:3306/pizzeria?characterEncoding=latin1&useConfigs=maxPerformance&useUnicode=true&useJDBCCompliantTimezoneShift=true&useLegacyDatetimeCode=false&serverTimezone=UTC&autoReconnect=true, UserName=root@localhost, MySQL Connector/J
21:18:39 DEBUG UserDAOImpl findAll - Connection=200987601, URL=jdbc:mysql://localhost:3306/pizzeria?characterEncoding=latin1&useConfigs=maxPerformance&useUnicode=true&useJDBCCompliantTimezoneShift=true&useLegacyDatetimeCode=false&serverTimezone=UTC&autoReconnect=true, UserName=root@localhost, MySQL Connector/J
21:18:43 DEBUG UserDAOImpl findAll - Connection=1046876111, URL=jdbc:mysql://localhost:3306/pizzeria?characterEncoding=latin1&useConfigs=maxPerformance&useUnicode=true&useJDBCCompliantTimezoneShift=true&useLegacyDatetimeCode=false&serverTimezone=UTC&autoReconnect=true, UserName=root@localhost, MySQL Connector/J
21:22:23 DEBUG UserDAOImpl findAll - Connection=66526073, URL=jdbc:mysql://localhost:3306/pizzeria?characterEncoding=latin1&useConfigs=maxPerformance&useUnicode=true&useJDBCCompliantTimezoneShift=true&useLegacyDatetimeCode=false&serverTimezone=UTC&autoReconnect=true, UserName=root@localhost, MySQL Connector/J
21:23:29 DEBUG UserDAOImpl findAll - Connection=787909914, URL=jdbc:mysql://localhost:3306/pizzeria?characterEncoding=latin1&useConfigs=maxPerformance&useUnicode=true&useJDBCCompliantTimezoneShift=true&useLegacyDatetimeCode=false&serverTimezone=UTC&autoReconnect=true, UserName=root@localhost, MySQL Connector/J
21:23:36 DEBUG UserDAOImpl findAll - Connection=293041498, URL=jdbc:mysql://localhost:3306/pizzeria?characterEncoding=latin1&useConfigs=maxPerformance&useUnicode=true&useJDBCCompliantTimezoneShift=true&useLegacyDatetimeCode=false&serverTimezone=UTC&autoReconnect=true, UserName=root@localhost, MySQL Connector/J
21:25:16 DEBUG UserDAOImpl findAll - Connection=1354326344, URL=jdbc:mysql://localhost:3306/pizzeria?characterEncoding=latin1&useConfigs=maxPerformance&useUnicode=true&useJDBCCompliantTimezoneShift=true&useLegacyDatetimeCode=false&serverTimezone=UTC&autoReconnect=true, UserName=root@localhost, MySQL Connector/J
21:25:24 DEBUG UserDAOImpl findAll - Connection=500989947, URL=jdbc:mysql://localhost:3306/pizzeria?characterEncoding=latin1&useConfigs=maxPerformance&useUnicode=true&useJDBCCompliantTimezoneShift=true&useLegacyDatetimeCode=false&serverTimezone=UTC&autoReconnect=true, UserName=root@localhost, MySQL Connector/J
21:28:45 DEBUG UserDAOImpl findAll - Connection=2084982108, URL=jdbc:mysql://localhost:3306/pizzeria?characterEncoding=latin1&useConfigs=maxPerformance&useUnicode=true&useJDBCCompliantTimezoneShift=true&useLegacyDatetimeCode=false&serverTimezone=UTC&autoReconnect=true, UserName=root@localhost, MySQL Connector/J
21:28:50 DEBUG UserDAOImpl findAll - Connection=16504358, URL=jdbc:mysql://localhost:3306/pizzeria?characterEncoding=latin1&useConfigs=maxPerformance&useUnicode=true&useJDBCCompliantTimezoneShift=true&useLegacyDatetimeCode=false&serverTimezone=UTC&autoReconnect=true, UserName=root@localhost, MySQL Connector/J
21:32:06 DEBUG ProfileUpdateAction exec - Profile=Profile{id=0, user=User{id=10, login='null', password='null', role=null}, name='a', surname='a', email='@maki.ru', phone='aphone', address='Nemiga 42 69'}
21:32:06 DEBUG ProfileServiceImpl update - profileDAOe=by.avdeev.pizzeria.dao.impl.ProfileDAOImpl@49dde717
21:32:06 DEBUG ProfileDAOImpl update - Connection=103224216, URL=jdbc:mysql://localhost:3306/pizzeria?characterEncoding=latin1&useConfigs=maxPerformance&useUnicode=true&useJDBCCompliantTimezoneShift=true&useLegacyDatetimeCode=false&serverTimezone=UTC&autoReconnect=true, UserName=root@localhost, MySQL Connector/J
21:32:06 DEBUG UserDAOImpl findAll - Connection=2084982108, URL=jdbc:mysql://localhost:3306/pizzeria?characterEncoding=latin1&useConfigs=maxPerformance&useUnicode=true&useJDBCCompliantTimezoneShift=true&useLegacyDatetimeCode=false&serverTimezone=UTC&autoReconnect=true, UserName=root@localhost, MySQL Connector/J
21:35:09 DEBUG UserDAOImpl findAll - Connection=729064442, URL=jdbc:mysql://localhost:3306/pizzeria?characterEncoding=latin1&useConfigs=maxPerformance&useUnicode=true&useJDBCCompliantTimezoneShift=true&useLegacyDatetimeCode=false&serverTimezone=UTC&autoReconnect=true, UserName=root@localhost, MySQL Connector/J
21:35:14 DEBUG UserDAOImpl findAll - Connection=16504358, URL=jdbc:mysql://localhost:3306/pizzeria?characterEncoding=latin1&useConfigs=maxPerformance&useUnicode=true&useJDBCCompliantTimezoneShift=true&useLegacyDatetimeCode=false&serverTimezone=UTC&autoReconnect=true, UserName=root@localhost, MySQL Connector/J
21:35:19 DEBUG UserDAOImpl findAll - Connection=1828807583, URL=jdbc:mysql://localhost:3306/pizzeria?characterEncoding=latin1&useConfigs=maxPerformance&useUnicode=true&useJDBCCompliantTimezoneShift=true&useLegacyDatetimeCode=false&serverTimezone=UTC&autoReconnect=true, UserName=root@localhost, MySQL Connector/J
21:35:31 DEBUG UserDAOImpl findAll - Connection=1169262385, URL=jdbc:mysql://localhost:3306/pizzeria?characterEncoding=latin1&useConfigs=maxPerformance&useUnicode=true&useJDBCCompliantTimezoneShift=true&useLegacyDatetimeCode=false&serverTimezone=UTC&autoReconnect=true, UserName=root@localhost, MySQL Connector/J
21:35:36 DEBUG ProfileUpdateAction exec - Profile=Profile{id=0, user=User{id=10, login='null', password='null', role=null}, name='a', surname='a', email='@maki.ru', phone='aphone', address='Nemiga 42 69'}
21:35:36 DEBUG ProfileServiceImpl update - profileDAOe=by.avdeev.pizzeria.dao.impl.ProfileDAOImpl@7e39dee0
21:35:36 DEBUG ProfileDAOImpl update - Connection=1773738108, URL=jdbc:mysql://localhost:3306/pizzeria?characterEncoding=latin1&useConfigs=maxPerformance&useUnicode=true&useJDBCCompliantTimezoneShift=true&useLegacyDatetimeCode=false&serverTimezone=UTC&autoReconnect=true, UserName=root@localhost, MySQL Connector/J
21:35:36 DEBUG UserDAOImpl findAll - Connection=1828807583, URL=jdbc:mysql://localhost:3306/pizzeria?characterEncoding=latin1&useConfigs=maxPerformance&useUnicode=true&useJDBCCompliantTimezoneShift=true&useLegacyDatetimeCode=false&serverTimezone=UTC&autoReconnect=true, UserName=root@localhost, MySQL Connector/J
21:35:39 DEBUG ProfileUpdateAction exec - Profile=Profile{id=0, user=User{id=10, login='null', password='null', role=null}, name='a', surname='a', email='@maki.ru', phone='aphone', address='Nemiga 42 69'}
21:35:39 DEBUG ProfileServiceImpl update - profileDAOe=by.avdeev.pizzeria.dao.impl.ProfileDAOImpl@7e39dee0
21:35:39 DEBUG ProfileDAOImpl update - Connection=349328090, URL=jdbc:mysql://localhost:3306/pizzeria?characterEncoding=latin1&useConfigs=maxPerformance&useUnicode=true&useJDBCCompliantTimezoneShift=true&useLegacyDatetimeCode=false&serverTimezone=UTC&autoReconnect=true, UserName=root@localhost, MySQL Connector/J
21:35:39 DEBUG UserDAOImpl findAll - Connection=1169262385, URL=jdbc:mysql://localhost:3306/pizzeria?characterEncoding=latin1&useConfigs=maxPerformance&useUnicode=true&useJDBCCompliantTimezoneShift=true&useLegacyDatetimeCode=false&serverTimezone=UTC&autoReconnect=true, UserName=root@localhost, MySQL Connector/J
21:35:42 DEBUG ProfileUpdateAction exec - Profile=Profile{id=0, user=User{id=10, login='null', password='null', role=null}, name='a', surname='a', email='@maki.ru', phone='aphone', address='Nemiga 42 69'}
21:35:42 DEBUG ProfileServiceImpl update - profileDAOe=by.avdeev.pizzeria.dao.impl.ProfileDAOImpl@7e39dee0
21:35:42 DEBUG ProfileDAOImpl update - Connection=865782016, URL=jdbc:mysql://localhost:3306/pizzeria?characterEncoding=latin1&useConfigs=maxPerformance&useUnicode=true&useJDBCCompliantTimezoneShift=true&useLegacyDatetimeCode=false&serverTimezone=UTC&autoReconnect=true, UserName=root@localhost, MySQL Connector/J
21:35:42 DEBUG UserDAOImpl findAll - Connection=1773738108, URL=jdbc:mysql://localhost:3306/pizzeria?characterEncoding=latin1&useConfigs=maxPerformance&useUnicode=true&useJDBCCompliantTimezoneShift=true&useLegacyDatetimeCode=false&serverTimezone=UTC&autoReconnect=true, UserName=root@localhost, MySQL Connector/J
21:36:14 DEBUG UserDAOImpl findAll - Connection=844501157, URL=jdbc:mysql://localhost:3306/pizzeria?characterEncoding=latin1&useConfigs=maxPerformance&useUnicode=true&useJDBCCompliantTimezoneShift=true&useLegacyDatetimeCode=false&serverTimezone=UTC&autoReconnect=true, UserName=root@localhost, MySQL Connector/J
21:36:19 DEBUG UserDAOImpl findAll - Connection=1793937437, URL=jdbc:mysql://localhost:3306/pizzeria?characterEncoding=latin1&useConfigs=maxPerformance&useUnicode=true&useJDBCCompliantTimezoneShift=true&useLegacyDatetimeCode=false&serverTimezone=UTC&autoReconnect=true, UserName=root@localhost, MySQL Connector/J
21:36:22 DEBUG ProfileUpdateAction exec - Profile=Profile{id=0, user=User{id=10, login='null', password='null', role=null}, name='a', surname='a', email='@maki.ru', phone='aphone', address='Nemiga 42 69'}
21:36:22 DEBUG ProfileServiceImpl update - profileDAOe=by.avdeev.pizzeria.dao.impl.ProfileDAOImpl@68a8a00c
21:36:22 DEBUG ProfileDAOImpl update - Connection=748760545, URL=jdbc:mysql://localhost:3306/pizzeria?characterEncoding=latin1&useConfigs=maxPerformance&useUnicode=true&useJDBCCompliantTimezoneShift=true&useLegacyDatetimeCode=false&serverTimezone=UTC&autoReconnect=true, UserName=root@localhost, MySQL Connector/J
21:36:22 DEBUG UserDAOImpl findAll - Connection=844501157, URL=jdbc:mysql://localhost:3306/pizzeria?characterEncoding=latin1&useConfigs=maxPerformance&useUnicode=true&useJDBCCompliantTimezoneShift=true&useLegacyDatetimeCode=false&serverTimezone=UTC&autoReconnect=true, UserName=root@localhost, MySQL Connector/J
21:50:30 DEBUG UserDAOImpl findAll - Connection=1817836079, URL=jdbc:mysql://localhost:3306/pizzeria?characterEncoding=latin1&useConfigs=maxPerformance&useUnicode=true&useJDBCCompliantTimezoneShift=true&useLegacyDatetimeCode=false&serverTimezone=UTC&autoReconnect=true, UserName=root@localhost, MySQL Connector/J
21:50:36 DEBUG UserDAOImpl findAll - Connection=1274260503, URL=jdbc:mysql://localhost:3306/pizzeria?characterEncoding=latin1&useConfigs=maxPerformance&useUnicode=true&useJDBCCompliantTimezoneShift=true&useLegacyDatetimeCode=false&serverTimezone=UTC&autoReconnect=true, UserName=root@localhost, MySQL Connector/J
21:50:41 DEBUG ProfileUpdateAction exec - Profile=Profile{id=0, user=User{id=10, login='null', password='null', role=null}, name='a', surname='a', email='@maki.ru', phone='aphone', address='Nemiga 42 69'}
21:50:41 DEBUG ProfileServiceImpl update - profileDAOe=by.avdeev.pizzeria.dao.impl.ProfileDAOImpl@3335863
21:50:41 DEBUG ProfileDAOImpl update - Connection=1288287665, URL=jdbc:mysql://localhost:3306/pizzeria?characterEncoding=latin1&useConfigs=maxPerformance&useUnicode=true&useJDBCCompliantTimezoneShift=true&useLegacyDatetimeCode=false&serverTimezone=UTC&autoReconnect=true, UserName=root@localhost, MySQL Connector/J
21:50:41 DEBUG UserDAOImpl findAll - Connection=1817836079, URL=jdbc:mysql://localhost:3306/pizzeria?characterEncoding=latin1&useConfigs=maxPerformance&useUnicode=true&useJDBCCompliantTimezoneShift=true&useLegacyDatetimeCode=false&serverTimezone=UTC&autoReconnect=true, UserName=root@localhost, MySQL Connector/J
21:50:47 DEBUG ProfileUpdateAction exec - Profile=Profile{id=0, user=User{id=10, login='null', password='null', role=null}, name='a', surname='a', email='@maki.ru', phone='aphone', address='Nemiga 42 69'}
21:50:47 DEBUG ProfileServiceImpl update - profileDAOe=by.avdeev.pizzeria.dao.impl.ProfileDAOImpl@3335863
21:50:47 DEBUG ProfileDAOImpl update - Connection=1274260503, URL=jdbc:mysql://localhost:3306/pizzeria?characterEncoding=latin1&useConfigs=maxPerformance&useUnicode=true&useJDBCCompliantTimezoneShift=true&useLegacyDatetimeCode=false&serverTimezone=UTC&autoReconnect=true, UserName=root@localhost, MySQL Connector/J
21:50:47 DEBUG UserDAOImpl findAll - Connection=555396839, URL=jdbc:mysql://localhost:3306/pizzeria?characterEncoding=latin1&useConfigs=maxPerformance&useUnicode=true&useJDBCCompliantTimezoneShift=true&useLegacyDatetimeCode=false&serverTimezone=UTC&autoReconnect=true, UserName=root@localhost, MySQL Connector/J
21:51:41 DEBUG UserDAOImpl findAll - Connection=2093710380, URL=jdbc:mysql://localhost:3306/pizzeria?characterEncoding=latin1&useConfigs=maxPerformance&useUnicode=true&useJDBCCompliantTimezoneShift=true&useLegacyDatetimeCode=false&serverTimezone=UTC&autoReconnect=true, UserName=root@localhost, MySQL Connector/J
21:51:59 DEBUG UserDAOImpl findAll - Connection=833172981, URL=jdbc:mysql://localhost:3306/pizzeria?characterEncoding=latin1&useConfigs=maxPerformance&useUnicode=true&useJDBCCompliantTimezoneShift=true&useLegacyDatetimeCode=false&serverTimezone=UTC&autoReconnect=true, UserName=root@localhost, MySQL Connector/J
21:52:08 DEBUG ProfileUpdateAction exec - Profile=Profile{id=0, user=User{id=10, login='null', password='null', role=null}, name='a', surname='a', email='@maki.ru', phone='aphone', address='Nemiga 42 69'}
21:52:08 DEBUG ProfileServiceImpl update - profileDAOe=by.avdeev.pizzeria.dao.impl.ProfileDAOImpl@3314677f
21:52:08 DEBUG ProfileDAOImpl update - Connection=2054494273, URL=jdbc:mysql://localhost:3306/pizzeria?characterEncoding=latin1&useConfigs=maxPerformance&useUnicode=true&useJDBCCompliantTimezoneShift=true&useLegacyDatetimeCode=false&serverTimezone=UTC&autoReconnect=true, UserName=root@localhost, MySQL Connector/J
21:52:08 DEBUG UserDAOImpl findAll - Connection=2093710380, URL=jdbc:mysql://localhost:3306/pizzeria?characterEncoding=latin1&useConfigs=maxPerformance&useUnicode=true&useJDBCCompliantTimezoneShift=true&useLegacyDatetimeCode=false&serverTimezone=UTC&autoReconnect=true, UserName=root@localhost, MySQL Connector/J
21:58:00 DEBUG UserDAOImpl findAll - Connection=343734958, URL=jdbc:mysql://localhost:3306/pizzeria?characterEncoding=latin1&useConfigs=maxPerformance&useUnicode=true&useJDBCCompliantTimezoneShift=true&useLegacyDatetimeCode=false&serverTimezone=UTC&autoReconnect=true, UserName=root@localhost, MySQL Connector/J
21:58:01 DEBUG UserDAOImpl findAll - Connection=833172981, URL=jdbc:mysql://localhost:3306/pizzeria?characterEncoding=latin1&useConfigs=maxPerformance&useUnicode=true&useJDBCCompliantTimezoneShift=true&useLegacyDatetimeCode=false&serverTimezone=UTC&autoReconnect=true, UserName=root@localhost, MySQL Connector/J
21:58:04 DEBUG UserDAOImpl findAll - Connection=1062675842, URL=jdbc:mysql://localhost:3306/pizzeria?characterEncoding=latin1&useConfigs=maxPerformance&useUnicode=true&useJDBCCompliantTimezoneShift=true&useLegacyDatetimeCode=false&serverTimezone=UTC&autoReconnect=true, UserName=root@localhost, MySQL Connector/J
21:58:10 DEBUG UserDAOImpl findAll - Connection=1584866103, URL=jdbc:mysql://localhost:3306/pizzeria?characterEncoding=latin1&useConfigs=maxPerformance&useUnicode=true&useJDBCCompliantTimezoneShift=true&useLegacyDatetimeCode=false&serverTimezone=UTC&autoReconnect=true, UserName=root@localhost, MySQL Connector/J
21:58:20 DEBUG UserDAOImpl findAll - Connection=436343661, URL=jdbc:mysql://localhost:3306/pizzeria?characterEncoding=latin1&useConfigs=maxPerformance&useUnicode=true&useJDBCCompliantTimezoneShift=true&useLegacyDatetimeCode=false&serverTimezone=UTC&autoReconnect=true, UserName=root@localhost, MySQL Connector/J
21:58:25 DEBUG ProfileUpdateAction exec - Profile=Profile{id=0, user=User{id=10, login='null', password='null', role=null}, name='a', surname='a', email='@maki.ru', phone='aphone', address='Nemiga 42 69'}
21:58:25 DEBUG ProfileServiceImpl update - profileDAOe=by.avdeev.pizzeria.dao.impl.ProfileDAOImpl@2bc96819
21:58:25 DEBUG ProfileDAOImpl update - Connection=1584866103, URL=jdbc:mysql://localhost:3306/pizzeria?characterEncoding=latin1&useConfigs=maxPerformance&useUnicode=true&useJDBCCompliantTimezoneShift=true&useLegacyDatetimeCode=false&serverTimezone=UTC&autoReconnect=true, UserName=root@localhost, MySQL Connector/J
21:58:25 DEBUG UserDAOImpl findAll - Connection=746479236, URL=jdbc:mysql://localhost:3306/pizzeria?characterEncoding=latin1&useConfigs=maxPerformance&useUnicode=true&useJDBCCompliantTimezoneShift=true&useLegacyDatetimeCode=false&serverTimezone=UTC&autoReconnect=true, UserName=root@localhost, MySQL Connector/J
21:59:49 DEBUG UserDAOImpl findAll - Connection=436343661, URL=jdbc:mysql://localhost:3306/pizzeria?characterEncoding=latin1&useConfigs=maxPerformance&useUnicode=true&useJDBCCompliantTimezoneShift=true&useLegacyDatetimeCode=false&serverTimezone=UTC&autoReconnect=true, UserName=root@localhost, MySQL Connector/J
21:59:58 DEBUG UserDAOImpl findAll - Connection=938152669, URL=jdbc:mysql://localhost:3306/pizzeria?characterEncoding=latin1&useConfigs=maxPerformance&useUnicode=true&useJDBCCompliantTimezoneShift=true&useLegacyDatetimeCode=false&serverTimezone=UTC&autoReconnect=true, UserName=root@localhost, MySQL Connector/J
22:00:02 DEBUG UserDAOImpl findAll - Connection=504211925, URL=jdbc:mysql://localhost:3306/pizzeria?characterEncoding=latin1&useConfigs=maxPerformance&useUnicode=true&useJDBCCompliantTimezoneShift=true&useLegacyDatetimeCode=false&serverTimezone=UTC&autoReconnect=true, UserName=root@localhost, MySQL Connector/J
22:00:48 DEBUG UserDAOImpl findAll - Connection=2074456845, URL=jdbc:mysql://localhost:3306/pizzeria?characterEncoding=latin1&useConfigs=maxPerformance&useUnicode=true&useJDBCCompliantTimezoneShift=true&useLegacyDatetimeCode=false&serverTimezone=UTC&autoReconnect=true, UserName=root@localhost, MySQL Connector/J
22:00:53 DEBUG UserDAOImpl findAll - Connection=30264295, URL=jdbc:mysql://localhost:3306/pizzeria?characterEncoding=latin1&useConfigs=maxPerformance&useUnicode=true&useJDBCCompliantTimezoneShift=true&useLegacyDatetimeCode=false&serverTimezone=UTC&autoReconnect=true, UserName=root@localhost, MySQL Connector/J
22:19:23 DEBUG UserDAOImpl findAll - Connection=91651834, URL=jdbc:mysql://localhost:3306/pizzeria?characterEncoding=latin1&useConfigs=maxPerformance&useUnicode=true&useJDBCCompliantTimezoneShift=true&useLegacyDatetimeCode=false&serverTimezone=UTC&autoReconnect=true, UserName=root@localhost, MySQL Connector/J
22:19:27 DEBUG UserDAOImpl findAll - Connection=953665593, URL=jdbc:mysql://localhost:3306/pizzeria?characterEncoding=latin1&useConfigs=maxPerformance&useUnicode=true&useJDBCCompliantTimezoneShift=true&useLegacyDatetimeCode=false&serverTimezone=UTC&autoReconnect=true, UserName=root@localhost, MySQL Connector/J
22:19:30 DEBUG UserDAOImpl findAll - Connection=1360456670, URL=jdbc:mysql://localhost:3306/pizzeria?characterEncoding=latin1&useConfigs=maxPerformance&useUnicode=true&useJDBCCompliantTimezoneShift=true&useLegacyDatetimeCode=false&serverTimezone=UTC&autoReconnect=true, UserName=root@localhost, MySQL Connector/J
22:19:38 DEBUG ProfileUpdateAction exec - Profile=Profile{id=0, user=User{id=10, login='null', password='null', role=null}, name='a', surname='a', email='@maki.ru', phone='aphone aaa', address='Nemiga 42 69'}
22:19:38 DEBUG ProfileServiceImpl update - profileDAOe=by.avdeev.pizzeria.dao.impl.ProfileDAOImpl@1a5a78e7
22:19:38 DEBUG ProfileDAOImpl update - Connection=1436587544, URL=jdbc:mysql://localhost:3306/pizzeria?characterEncoding=latin1&useConfigs=maxPerformance&useUnicode=true&useJDBCCompliantTimezoneShift=true&useLegacyDatetimeCode=false&serverTimezone=UTC&autoReconnect=true, UserName=root@localhost, MySQL Connector/J
22:20:04 DEBUG UserDAOImpl findAll - Connection=517516655, URL=jdbc:mysql://localhost:3306/pizzeria?characterEncoding=latin1&useConfigs=maxPerformance&useUnicode=true&useJDBCCompliantTimezoneShift=true&useLegacyDatetimeCode=false&serverTimezone=UTC&autoReconnect=true, UserName=root@localhost, MySQL Connector/J
22:20:22 DEBUG UserDAOImpl findAll - Connection=1297053611, URL=jdbc:mysql://localhost:3306/pizzeria?characterEncoding=latin1&useConfigs=maxPerformance&useUnicode=true&useJDBCCompliantTimezoneShift=true&useLegacyDatetimeCode=false&serverTimezone=UTC&autoReconnect=true, UserName=root@localhost, MySQL Connector/J
22:20:27 DEBUG ProfileUpdateAction exec - Profile=Profile{id=0, user=User{id=10, login='null', password='null', role=null}, name='a', surname='a', email='@maki.ru', phone='aphone aaaa', address='Nemiga 42 69'}
22:20:27 DEBUG ProfileServiceImpl update - profileDAOe=by.avdeev.pizzeria.dao.impl.ProfileDAOImpl@5e802465
22:20:27 DEBUG ProfileDAOImpl update - Connection=293257729, URL=jdbc:mysql://localhost:3306/pizzeria?characterEncoding=latin1&useConfigs=maxPerformance&useUnicode=true&useJDBCCompliantTimezoneShift=true&useLegacyDatetimeCode=false&serverTimezone=UTC&autoReconnect=true, UserName=root@localhost, MySQL Connector/J
22:20:33 DEBUG UserDAOImpl findAll - Connection=517516655, URL=jdbc:mysql://localhost:3306/pizzeria?characterEncoding=latin1&useConfigs=maxPerformance&useUnicode=true&useJDBCCompliantTimezoneShift=true&useLegacyDatetimeCode=false&serverTimezone=UTC&autoReconnect=true, UserName=root@localhost, MySQL Connector/J
22:20:40 DEBUG ProfileUpdateAction exec - Profile=Profile{id=0, user=User{id=10, login='null', password='null', role=null}, name='a', surname='a', email='@maki.ru loll', phone='aphone aaaa  ', address='Nemiga 42 69'}
22:20:40 DEBUG ProfileServiceImpl update - profileDAOe=by.avdeev.pizzeria.dao.impl.ProfileDAOImpl@5e802465
22:20:40 DEBUG ProfileDAOImpl update - Connection=1297053611, URL=jdbc:mysql://localhost:3306/pizzeria?characterEncoding=latin1&useConfigs=maxPerformance&useUnicode=true&useJDBCCompliantTimezoneShift=true&useLegacyDatetimeCode=false&serverTimezone=UTC&autoReconnect=true, UserName=root@localhost, MySQL Connector/J
22:20:42 DEBUG UserDAOImpl findAll - Connection=1422653354, URL=jdbc:mysql://localhost:3306/pizzeria?characterEncoding=latin1&useConfigs=maxPerformance&useUnicode=true&useJDBCCompliantTimezoneShift=true&useLegacyDatetimeCode=false&serverTimezone=UTC&autoReconnect=true, UserName=root@localhost, MySQL Connector/J
22:22:11 DEBUG UserDAOImpl findAll - Connection=46806155, URL=jdbc:mysql://localhost:3306/pizzeria?characterEncoding=latin1&useConfigs=maxPerformance&useUnicode=true&useJDBCCompliantTimezoneShift=true&useLegacyDatetimeCode=false&serverTimezone=UTC&autoReconnect=true, UserName=root@localhost, MySQL Connector/J
22:22:14 DEBUG UserDAOImpl findAll - Connection=1384332360, URL=jdbc:mysql://localhost:3306/pizzeria?characterEncoding=latin1&useConfigs=maxPerformance&useUnicode=true&useJDBCCompliantTimezoneShift=true&useLegacyDatetimeCode=false&serverTimezone=UTC&autoReconnect=true, UserName=root@localhost, MySQL Connector/J
22:22:18 DEBUG ProfileUpdateAction exec - Profile=Profile{id=0, user=User{id=10, login='null', password='null', role=null}, name='a', surname='a', email='@maki.ru lollad', phone='aphone aaaa  ', address='Nemiga 42 69'}
22:22:18 DEBUG ProfileServiceImpl update - profileDAOe=by.avdeev.pizzeria.dao.impl.ProfileDAOImpl@cc2823b
22:22:18 DEBUG ProfileDAOImpl update - Connection=1127775767, URL=jdbc:mysql://localhost:3306/pizzeria?characterEncoding=latin1&useConfigs=maxPerformance&useUnicode=true&useJDBCCompliantTimezoneShift=true&useLegacyDatetimeCode=false&serverTimezone=UTC&autoReconnect=true, UserName=root@localhost, MySQL Connector/J
22:22:26 DEBUG ProfileUpdateAction exec - Profile=Profile{id=0, user=User{id=10, login='null', password='null', role=null}, name='a', surname='avdeev', email='@maki.ru lollad', phone='aphone aaaa  ', address='Nemiga 42 69'}
22:22:26 DEBUG ProfileServiceImpl update - profileDAOe=by.avdeev.pizzeria.dao.impl.ProfileDAOImpl@cc2823b
22:22:26 DEBUG ProfileDAOImpl update - Connection=46806155, URL=jdbc:mysql://localhost:3306/pizzeria?characterEncoding=latin1&useConfigs=maxPerformance&useUnicode=true&useJDBCCompliantTimezoneShift=true&useLegacyDatetimeCode=false&serverTimezone=UTC&autoReconnect=true, UserName=root@localhost, MySQL Connector/J
22:22:31 DEBUG ProfileUpdateAction exec - Profile=Profile{id=0, user=User{id=10, login='null', password='null', role=null}, name='a', surname='avdeev', email='@maki.ru lollad', phone='aphone aaaa  ', address='Nemiga 42 69'}
22:22:31 DEBUG ProfileServiceImpl update - profileDAOe=by.avdeev.pizzeria.dao.impl.ProfileDAOImpl@cc2823b
22:22:31 DEBUG ProfileDAOImpl update - Connection=1751154643, URL=jdbc:mysql://localhost:3306/pizzeria?characterEncoding=latin1&useConfigs=maxPerformance&useUnicode=true&useJDBCCompliantTimezoneShift=true&useLegacyDatetimeCode=false&serverTimezone=UTC&autoReconnect=true, UserName=root@localhost, MySQL Connector/J
22:22:36 DEBUG ProfileUpdateAction exec - Profile=Profile{id=0, user=User{id=10, login='null', password='null', role=null}, name='a', surname='a', email='@maki.ru lolladadadad', phone='aphone aaaa  ', address='Nemiga 42 69'}
22:22:36 DEBUG ProfileServiceImpl update - profileDAOe=by.avdeev.pizzeria.dao.impl.ProfileDAOImpl@cc2823b
22:22:36 DEBUG ProfileDAOImpl update - Connection=1384332360, URL=jdbc:mysql://localhost:3306/pizzeria?characterEncoding=latin1&useConfigs=maxPerformance&useUnicode=true&useJDBCCompliantTimezoneShift=true&useLegacyDatetimeCode=false&serverTimezone=UTC&autoReconnect=true, UserName=root@localhost, MySQL Connector/J
22:22:39 DEBUG ProfileUpdateAction exec - Profile=Profile{id=0, user=User{id=10, login='null', password='null', role=null}, name='a', surname='aadad', email='@maki.ru lolladadadad', phone='aphone aaaa  ', address='Nemiga 42 69'}
22:22:39 DEBUG ProfileServiceImpl update - profileDAOe=by.avdeev.pizzeria.dao.impl.ProfileDAOImpl@cc2823b
22:22:39 DEBUG ProfileDAOImpl update - Connection=2016326292, URL=jdbc:mysql://localhost:3306/pizzeria?characterEncoding=latin1&useConfigs=maxPerformance&useUnicode=true&useJDBCCompliantTimezoneShift=true&useLegacyDatetimeCode=false&serverTimezone=UTC&autoReconnect=true, UserName=root@localhost, MySQL Connector/J
22:22:41 DEBUG ProfileUpdateAction exec - Profile=Profile{id=0, user=User{id=10, login='null', password='null', role=null}, name='aadad', surname='a', email='@maki.ru lolladadadad', phone='aphone aaaa  ', address='Nemiga 42 69'}
22:22:41 DEBUG ProfileServiceImpl update - profileDAOe=by.avdeev.pizzeria.dao.impl.ProfileDAOImpl@cc2823b
22:22:41 DEBUG ProfileDAOImpl update - Connection=1127775767, URL=jdbc:mysql://localhost:3306/pizzeria?characterEncoding=latin1&useConfigs=maxPerformance&useUnicode=true&useJDBCCompliantTimezoneShift=true&useLegacyDatetimeCode=false&serverTimezone=UTC&autoReconnect=true, UserName=root@localhost, MySQL Connector/J
22:22:57 DEBUG UserDAOImpl findAll - Connection=2016635634, URL=jdbc:mysql://localhost:3306/pizzeria?characterEncoding=latin1&useConfigs=maxPerformance&useUnicode=true&useJDBCCompliantTimezoneShift=true&useLegacyDatetimeCode=false&serverTimezone=UTC&autoReconnect=true, UserName=root@localhost, MySQL Connector/J
22:23:03 DEBUG UserDAOImpl findAll - Connection=13424649, URL=jdbc:mysql://localhost:3306/pizzeria?characterEncoding=latin1&useConfigs=maxPerformance&useUnicode=true&useJDBCCompliantTimezoneShift=true&useLegacyDatetimeCode=false&serverTimezone=UTC&autoReconnect=true, UserName=root@localhost, MySQL Connector/J
22:23:08 DEBUG ProfileUpdateAction exec - Profile=Profile{id=0, user=User{id=10, login='null', password='null', role=null}, name='aadad', surname='adada', email='@maki.ru lolladadadad', phone='aphone aaaa  ', address='Nemiga 42 69'}
22:23:08 DEBUG ProfileServiceImpl update - profileDAOe=by.avdeev.pizzeria.dao.impl.ProfileDAOImpl@67b91c66
22:23:08 DEBUG ProfileDAOImpl update - Connection=675540261, URL=jdbc:mysql://localhost:3306/pizzeria?characterEncoding=latin1&useConfigs=maxPerformance&useUnicode=true&useJDBCCompliantTimezoneShift=true&useLegacyDatetimeCode=false&serverTimezone=UTC&autoReconnect=true, UserName=root@localhost, MySQL Connector/J
22:23:13 DEBUG ProfileUpdateAction exec - Profile=Profile{id=0, user=User{id=10, login='null', password='null', role=null}, name='aadad', surname='Avdeev', email='@maki.ru lolladadadad', phone='aphone aaaa  ', address='Nemiga 42 69'}
22:23:13 DEBUG ProfileServiceImpl update - profileDAOe=by.avdeev.pizzeria.dao.impl.ProfileDAOImpl@67b91c66
22:23:13 DEBUG ProfileDAOImpl update - Connection=2016635634, URL=jdbc:mysql://localhost:3306/pizzeria?characterEncoding=latin1&useConfigs=maxPerformance&useUnicode=true&useJDBCCompliantTimezoneShift=true&useLegacyDatetimeCode=false&serverTimezone=UTC&autoReconnect=true, UserName=root@localhost, MySQL Connector/J
22:23:16 DEBUG UserDAOImpl findAll - Connection=580772244, URL=jdbc:mysql://localhost:3306/pizzeria?characterEncoding=latin1&useConfigs=maxPerformance&useUnicode=true&useJDBCCompliantTimezoneShift=true&useLegacyDatetimeCode=false&serverTimezone=UTC&autoReconnect=true, UserName=root@localhost, MySQL Connector/J
22:24:09 DEBUG ProfileUpdateAction exec - Profile=Profile{id=0, user=User{id=10, login='null', password='null', role=null}, name='asd', surname='ads', email='ad', phone='ad', address='ad'}
22:24:09 DEBUG ProfileServiceImpl update - profileDAOe=by.avdeev.pizzeria.dao.impl.ProfileDAOImpl@67b91c66
22:24:09 DEBUG ProfileDAOImpl update - Connection=675540261, URL=jdbc:mysql://localhost:3306/pizzeria?characterEncoding=latin1&useConfigs=maxPerformance&useUnicode=true&useJDBCCompliantTimezoneShift=true&useLegacyDatetimeCode=false&serverTimezone=UTC&autoReconnect=true, UserName=root@localhost, MySQL Connector/J
22:24:12 DEBUG UserDAOImpl findAll - Connection=2016635634, URL=jdbc:mysql://localhost:3306/pizzeria?characterEncoding=latin1&useConfigs=maxPerformance&useUnicode=true&useJDBCCompliantTimezoneShift=true&useLegacyDatetimeCode=false&serverTimezone=UTC&autoReconnect=true, UserName=root@localhost, MySQL Connector/J
22:27:02 DEBUG UserDAOImpl findAll - Connection=13424649, URL=jdbc:mysql://localhost:3306/pizzeria?characterEncoding=latin1&useConfigs=maxPerformance&useUnicode=true&useJDBCCompliantTimezoneShift=true&useLegacyDatetimeCode=false&serverTimezone=UTC&autoReconnect=true, UserName=root@localhost, MySQL Connector/J
22:27:04 DEBUG UserDAOImpl findAll - Connection=1622687290, URL=jdbc:mysql://localhost:3306/pizzeria?characterEncoding=latin1&useConfigs=maxPerformance&useUnicode=true&useJDBCCompliantTimezoneShift=true&useLegacyDatetimeCode=false&serverTimezone=UTC&autoReconnect=true, UserName=root@localhost, MySQL Connector/J
22:27:07 DEBUG UserDAOImpl findAll - Connection=1647646502, URL=jdbc:mysql://localhost:3306/pizzeria?characterEncoding=latin1&useConfigs=maxPerformance&useUnicode=true&useJDBCCompliantTimezoneShift=true&useLegacyDatetimeCode=false&serverTimezone=UTC&autoReconnect=true, UserName=root@localhost, MySQL Connector/J
22:27:10 DEBUG UserDAOImpl findAll - Connection=144733464, URL=jdbc:mysql://localhost:3306/pizzeria?characterEncoding=latin1&useConfigs=maxPerformance&useUnicode=true&useJDBCCompliantTimezoneShift=true&useLegacyDatetimeCode=false&serverTimezone=UTC&autoReconnect=true, UserName=root@localhost, MySQL Connector/J
22:27:15 DEBUG ProfileUpdateAction exec - Profile=Profile{id=0, user=User{id=10, login='null', password='null', role=null}, name='asd', surname='ads', email='ad', phone='ad', address='adaea'}
22:27:15 DEBUG ProfileServiceImpl update - profileDAOe=by.avdeev.pizzeria.dao.impl.ProfileDAOImpl@22046eb7
22:27:15 DEBUG ProfileDAOImpl update - Connection=453464058, URL=jdbc:mysql://localhost:3306/pizzeria?characterEncoding=latin1&useConfigs=maxPerformance&useUnicode=true&useJDBCCompliantTimezoneShift=true&useLegacyDatetimeCode=false&serverTimezone=UTC&autoReconnect=true, UserName=root@localhost, MySQL Connector/J
22:27:48 DEBUG UserDAOImpl findAll - Connection=1198950052, URL=jdbc:mysql://localhost:3306/pizzeria?characterEncoding=latin1&useConfigs=maxPerformance&useUnicode=true&useJDBCCompliantTimezoneShift=true&useLegacyDatetimeCode=false&serverTimezone=UTC&autoReconnect=true, UserName=root@localhost, MySQL Connector/J
22:29:32 DEBUG UserDAOImpl findAll - Connection=1587186223, URL=jdbc:mysql://localhost:3306/pizzeria?characterEncoding=latin1&useConfigs=maxPerformance&useUnicode=true&useJDBCCompliantTimezoneShift=true&useLegacyDatetimeCode=false&serverTimezone=UTC&autoReconnect=true, UserName=root@localhost, MySQL Connector/J
22:29:39 DEBUG UserDAOImpl findAll - Connection=289691945, URL=jdbc:mysql://localhost:3306/pizzeria?characterEncoding=latin1&useConfigs=maxPerformance&useUnicode=true&useJDBCCompliantTimezoneShift=true&useLegacyDatetimeCode=false&serverTimezone=UTC&autoReconnect=true, UserName=root@localhost, MySQL Connector/J
22:30:02 DEBUG UserDAOImpl findAll - Connection=1587186223, URL=jdbc:mysql://localhost:3306/pizzeria?characterEncoding=latin1&useConfigs=maxPerformance&useUnicode=true&useJDBCCompliantTimezoneShift=true&useLegacyDatetimeCode=false&serverTimezone=UTC&autoReconnect=true, UserName=root@localhost, MySQL Connector/J
22:30:49 DEBUG UserDAOImpl findAll - Connection=1714780029, URL=jdbc:mysql://localhost:3306/pizzeria?characterEncoding=latin1&useConfigs=maxPerformance&useUnicode=true&useJDBCCompliantTimezoneShift=true&useLegacyDatetimeCode=false&serverTimezone=UTC&autoReconnect=true, UserName=root@localhost, MySQL Connector/J
22:30:50 DEBUG UserDAOImpl findAll - Connection=1348750670, URL=jdbc:mysql://localhost:3306/pizzeria?characterEncoding=latin1&useConfigs=maxPerformance&useUnicode=true&useJDBCCompliantTimezoneShift=true&useLegacyDatetimeCode=false&serverTimezone=UTC&autoReconnect=true, UserName=root@localhost, MySQL Connector/J
22:30:50 DEBUG UserDAOImpl findAll - Connection=792417221, URL=jdbc:mysql://localhost:3306/pizzeria?characterEncoding=latin1&useConfigs=maxPerformance&useUnicode=true&useJDBCCompliantTimezoneShift=true&useLegacyDatetimeCode=false&serverTimezone=UTC&autoReconnect=true, UserName=root@localhost, MySQL Connector/J
22:30:56 DEBUG UserDAOImpl findAll - Connection=515759584, URL=jdbc:mysql://localhost:3306/pizzeria?characterEncoding=latin1&useConfigs=maxPerformance&useUnicode=true&useJDBCCompliantTimezoneShift=true&useLegacyDatetimeCode=false&serverTimezone=UTC&autoReconnect=true, UserName=root@localhost, MySQL Connector/J
22:31:49 DEBUG UserDAOImpl findAll - Connection=792417221, URL=jdbc:mysql://localhost:3306/pizzeria?characterEncoding=latin1&useConfigs=maxPerformance&useUnicode=true&useJDBCCompliantTimezoneShift=true&useLegacyDatetimeCode=false&serverTimezone=UTC&autoReconnect=true, UserName=root@localhost, MySQL Connector/J
22:31:55 DEBUG UserDAOImpl findAll - Connection=1179407877, URL=jdbc:mysql://localhost:3306/pizzeria?characterEncoding=latin1&useConfigs=maxPerformance&useUnicode=true&useJDBCCompliantTimezoneShift=true&useLegacyDatetimeCode=false&serverTimezone=UTC&autoReconnect=true, UserName=root@localhost, MySQL Connector/J
22:32:00 DEBUG UserDAOImpl findAll - Connection=1039814646, URL=jdbc:mysql://localhost:3306/pizzeria?characterEncoding=latin1&useConfigs=maxPerformance&useUnicode=true&useJDBCCompliantTimezoneShift=true&useLegacyDatetimeCode=false&serverTimezone=UTC&autoReconnect=true, UserName=root@localhost, MySQL Connector/J
22:32:27 DEBUG UserDAOImpl findAll - Connection=1179407877, URL=jdbc:mysql://localhost:3306/pizzeria?characterEncoding=latin1&useConfigs=maxPerformance&useUnicode=true&useJDBCCompliantTimezoneShift=true&useLegacyDatetimeCode=false&serverTimezone=UTC&autoReconnect=true, UserName=root@localhost, MySQL Connector/J
22:32:31 DEBUG UserDAOImpl findAll - Connection=1521303290, URL=jdbc:mysql://localhost:3306/pizzeria?characterEncoding=latin1&useConfigs=maxPerformance&useUnicode=true&useJDBCCompliantTimezoneShift=true&useLegacyDatetimeCode=false&serverTimezone=UTC&autoReconnect=true, UserName=root@localhost, MySQL Connector/J
22:32:36 DEBUG UserDAOImpl findAll - Connection=1462262506, URL=jdbc:mysql://localhost:3306/pizzeria?characterEncoding=latin1&useConfigs=maxPerformance&useUnicode=true&useJDBCCompliantTimezoneShift=true&useLegacyDatetimeCode=false&serverTimezone=UTC&autoReconnect=true, UserName=root@localhost, MySQL Connector/J
22:32:45 DEBUG ProfileUpdateAction exec - Profile=Profile{id=0, user=User{id=10, login='null', password='null', role=null}, name='asda a', surname='ads', email='ad', phone='ad', address='adaea'}
22:32:45 DEBUG ProfileServiceImpl update - profileDAOe=by.avdeev.pizzeria.dao.impl.ProfileDAOImpl@2e4bcd2e
22:32:45 DEBUG ProfileDAOImpl update - Connection=1520182846, URL=jdbc:mysql://localhost:3306/pizzeria?characterEncoding=latin1&useConfigs=maxPerformance&useUnicode=true&useJDBCCompliantTimezoneShift=true&useLegacyDatetimeCode=false&serverTimezone=UTC&autoReconnect=true, UserName=root@localhost, MySQL Connector/J
22:32:49 DEBUG UserDAOImpl findAll - Connection=1521303290, URL=jdbc:mysql://localhost:3306/pizzeria?characterEncoding=latin1&useConfigs=maxPerformance&useUnicode=true&useJDBCCompliantTimezoneShift=true&useLegacyDatetimeCode=false&serverTimezone=UTC&autoReconnect=true, UserName=root@localhost, MySQL Connector/J
22:32:59 DEBUG UserDAOImpl findAll - Connection=1462262506, URL=jdbc:mysql://localhost:3306/pizzeria?characterEncoding=latin1&useConfigs=maxPerformance&useUnicode=true&useJDBCCompliantTimezoneShift=true&useLegacyDatetimeCode=false&serverTimezone=UTC&autoReconnect=true, UserName=root@localhost, MySQL Connector/J
